<?xml version="1.0" encoding="UTF-8"?>
<!-- Generated by org.testng.reporters.JUnitXMLReporter -->
<testsuite ignored="0" hostname="Asuswin11" failures="0" tests="3" name="Default test" time="21.249" errors="0" timestamp="2023-12-31T01:42:29 IST">
  <testcase classname="testCases.LoginPageTest" name="loginToApplicationTest" time="0.993"/>
  <testcase classname="testCases.LoginPageTest" name="verifyTitleOfApplicationTest" time="0.102"/>
  <testcase classname="testCases.LoginPageTest" name="verifyURLOfApplicationTest" time="0.092"/>
</testsuite> <!-- Default test -->
