<?xml version="1.0" encoding="UTF-8"?>
<!-- Generated by org.testng.reporters.JUnitXMLReporter -->
<testsuite ignored="0" hostname="Windows11" failures="0" tests="3" name="Default test" time="68.976" errors="0" timestamp="2023-11-18T05:08:26 IST">
  <testcase classname="testCases.LoginPageTest" name="loginToApplicationTest" time="0.848"/>
  <testcase classname="testCases.LoginPageTest" name="verifyTitleOfApplicationTest" time="0.09"/>
  <testcase classname="testCases.LoginPageTest" name="verifyURLOfApplicationTest" time="0.082"/>
</testsuite> <!-- Default test -->
