<?xml version="1.0" encoding="UTF-8"?>
<!-- Generated by org.testng.reporters.JUnitXMLReporter -->
<testsuite ignored="0" hostname="LAPTOP-338OG2UB" failures="0" tests="25" name="2ClassesTest" time="244.384" errors="0" timestamp="2023-10-29T20:19:57 IST">
  <testcase classname="testCases.LoginPageTest" name="loginToApplicationTest" time="7.169"/>
  <testcase classname="testCases.LoginPageTest" name="verifyTitleOfApplicationTest" time="0.188"/>
  <testcase classname="testCases.LoginPageTest" name="verifyURLOfApplicationTest" time="0.114"/>
  <testcase classname="testCases.Inventory_Page_Test" name="add6ProductsTest" time="0.943"/>
  <testcase classname="testCases.Inventory_Page_Test" name="remove2ProductTest" time="0.958"/>
  <testcase classname="testCases.Inventory_Page_Test" name="verifyAddToCart1Test" time="0.086"/>
  <testcase classname="testCases.Inventory_Page_Test" name="verifyAddToCart2Test" time="0.083"/>
  <testcase classname="testCases.Inventory_Page_Test" name="verifyAddToCart3Test" time="0.098"/>
  <testcase classname="testCases.Inventory_Page_Test" name="verifyAddToCart5Test" time="0.084"/>
  <testcase classname="testCases.Inventory_Page_Test" name="verifyAddToCart6Test" time="0.073"/>
  <testcase classname="testCases.Inventory_Page_Test" name="verifyBurgerTest" time="0.108"/>
  <testcase classname="testCases.Inventory_Page_Test" name="verifyCartLinkTest" time="0.133"/>
  <testcase classname="testCases.Inventory_Page_Test" name="verifyCountProductsTest" time="0.105"/>
  <testcase classname="testCases.Inventory_Page_Test" name="verifyIconFaceTest" time="0.076"/>
  <testcase classname="testCases.Inventory_Page_Test" name="verifyIconLinkdnTest" time="0.081"/>
  <testcase classname="testCases.Inventory_Page_Test" name="verifyIconTwitTest" time="0.074"/>
  <testcase classname="testCases.Inventory_Page_Test" name="verifyProduct1Test" time="0.142"/>
  <testcase classname="testCases.Inventory_Page_Test" name="verifyProduct2Test" time="0.159"/>
  <testcase classname="testCases.Inventory_Page_Test" name="verifyProduct3Test" time="0.161"/>
  <testcase classname="testCases.Inventory_Page_Test" name="verifyProduct4Test" time="0.133"/>
  <testcase classname="testCases.Inventory_Page_Test" name="verifyProduct5Test" time="0.117"/>
  <testcase classname="testCases.Inventory_Page_Test" name="verifyProduct6Test" time="0.11"/>
  <testcase classname="testCases.Inventory_Page_Test" name="verifyProductsLabelTest" time="0.1"/>
  <testcase classname="testCases.Inventory_Page_Test" name="verifyappLogoTest" time="0.107"/>
  <testcase classname="testCases.Inventory_Page_Test" name="verifysortTabTest" time="1.102"/>
</testsuite> <!-- 2ClassesTest -->
