<?xml version="1.0" encoding="UTF-8"?>
<!-- Generated by org.testng.reporters.JUnitXMLReporter -->
<testsuite ignored="6" hostname="LAPTOP-338OG2UB" failures="0" tests="3" name="GroupTest" time="27.404" errors="0" timestamp="2023-10-29T22:05:57 IST">
  <testcase classname="testCases.CheckoutCompleteTest" name="verifybackHomeTest" time="0.215"/>
  <testcase classname="testCases.LoginPageTest" name="loginToApplicationTest" time="0.753"/>
  <testcase classname="testCases.LoginPageTest" name="verifyURLOfApplicationTest" time="0.114"/>
  <testcase classname="testCases.CheckoutCompleteTest" name="verifyImageTest" time="0.0">
    <ignored/>
  </testcase> <!-- verifyImageTest -->
  <testcase classname="testCases.CheckoutCompleteTest" name="verifyTitleOfCheckoutCompleteTest" time="0.0">
    <ignored/>
  </testcase> <!-- verifyTitleOfCheckoutCompleteTest -->
  <testcase classname="testCases.CheckoutCompleteTest" name="verifyURLOfCheckoutCompleteTest" time="0.0">
    <ignored/>
  </testcase> <!-- verifyURLOfCheckoutCompleteTest -->
  <testcase classname="testCases.LoginPageTest" name="verifyTitleOfApplicationTest" time="0.0">
    <ignored/>
  </testcase> <!-- verifyTitleOfApplicationTest -->
  <testcase classname="testCases.CheckoutCompleteTest" name="verifyHeaderTest" time="0.0">
    <ignored/>
  </testcase> <!-- verifyHeaderTest -->
  <testcase classname="testCases.CheckoutCompleteTest" name="verifyHeaderTextTest" time="0.0">
    <ignored/>
  </testcase> <!-- verifyHeaderTextTest -->
</testsuite> <!-- GroupTest -->
