<?xml version="1.0" encoding="UTF-8"?>
<!-- Generated by org.testng.reporters.JUnitXMLReporter -->
<testsuite ignored="0" hostname="Windows11" failures="0" tests="48" name="MasterTest" time="322.457" errors="0" timestamp="2023-11-18T05:37:13 IST">
  <testcase classname="testCases.Checkout1Test" name="verifyCancelCheckout1Test" time="0.875"/>
  <testcase classname="testCases.Checkout1Test" name="verifyCheckout1Test" time="0.577"/>
  <testcase classname="testCases.Checkout1Test" name="verifyTitleOfCheckout1Test" time="0.142"/>
  <testcase classname="testCases.Checkout1Test" name="verifyURLOfCheckout1Test" time="0.12"/>
  <testcase classname="testCases.Checkout2Test" name="verifyCancelButtonTest" time="0.09"/>
  <testcase classname="testCases.Checkout2Test" name="verifyFinishButtonTest" time="0.096"/>
  <testcase classname="testCases.Checkout2Test" name="verifyTitleOfCheckout2Test" time="0.04"/>
  <testcase classname="testCases.Checkout2Test" name="verifyURLOfCheckout2Test" time="0.025"/>
  <testcase classname="testCases.CartPageTest" name="verifyCheckoutTest" time="0.068"/>
  <testcase classname="testCases.CartPageTest" name="verifyContinueTest" time="0.103"/>
  <testcase classname="testCases.CartPageTest" name="verifyTitleOfApplicationTest" time="0.056"/>
  <testcase classname="testCases.CartPageTest" name="verifyURLOfApplicationTest" time="0.038"/>
  <testcase classname="testCases.CheckoutCompleteTest" name="verifyHeaderTest" time="0.053"/>
  <testcase classname="testCases.CheckoutCompleteTest" name="verifyHeaderTextTest" time="0.06"/>
  <testcase classname="testCases.CheckoutCompleteTest" name="verifyImageTest" time="0.046"/>
  <testcase classname="testCases.CheckoutCompleteTest" name="verifyTitleOfCheckoutCompleteTest" time="0.049"/>
  <testcase classname="testCases.CheckoutCompleteTest" name="verifyURLOfCheckoutCompleteTest" time="0.022"/>
  <testcase classname="testCases.CheckoutCompleteTest" name="verifybackHomeTest" time="0.1"/>
  <testcase classname="testCases.LoginPageTest" name="loginToApplicationTest" time="0.399"/>
  <testcase classname="testCases.LoginPageTest" name="verifyTitleOfApplicationTest" time="0.026"/>
  <testcase classname="testCases.LoginPageTest" name="verifyURLOfApplicationTest" time="0.035"/>
  <testcase classname="testCases.Inventory_Page_Test" name="add6ProductsTest" time="0.533"/>
  <testcase classname="testCases.Inventory_Page_Test" name="remove2ProductTest" time="0.631"/>
  <testcase classname="testCases.Inventory_Page_Test" name="verifyAddToCart1Test" time="0.046"/>
  <testcase classname="testCases.Inventory_Page_Test" name="verifyAddToCart2Test" time="0.029"/>
  <testcase classname="testCases.Inventory_Page_Test" name="verifyAddToCart3Test" time="0.047"/>
  <testcase classname="testCases.Inventory_Page_Test" name="verifyAddToCart5Test" time="0.036"/>
  <testcase classname="testCases.Inventory_Page_Test" name="verifyAddToCart6Test" time="0.044"/>
  <testcase classname="testCases.Inventory_Page_Test" name="verifyBurgerTest" time="0.053"/>
  <testcase classname="testCases.Inventory_Page_Test" name="verifyCartLinkTest" time="0.043"/>
  <testcase classname="testCases.Inventory_Page_Test" name="verifyCountProductsTest" time="0.055"/>
  <testcase classname="testCases.Inventory_Page_Test" name="verifyIconFaceTest" time="0.037"/>
  <testcase classname="testCases.Inventory_Page_Test" name="verifyIconLinkdnTest" time="0.041"/>
  <testcase classname="testCases.Inventory_Page_Test" name="verifyIconTwitTest" time="0.036"/>
  <testcase classname="testCases.Inventory_Page_Test" name="verifyProduct1Test" time="0.049"/>
  <testcase classname="testCases.Inventory_Page_Test" name="verifyProduct2Test" time="0.053"/>
  <testcase classname="testCases.Inventory_Page_Test" name="verifyProduct3Test" time="0.049"/>
  <testcase classname="testCases.Inventory_Page_Test" name="verifyProduct4Test" time="0.055"/>
  <testcase classname="testCases.Inventory_Page_Test" name="verifyProduct5Test" time="0.06"/>
  <testcase classname="testCases.Inventory_Page_Test" name="verifyProduct6Test" time="0.055"/>
  <testcase classname="testCases.Inventory_Page_Test" name="verifyProductsLabelTest" time="0.069"/>
  <testcase classname="testCases.Inventory_Page_Test" name="verifyappLogoTest" time="0.07"/>
  <testcase classname="testCases.Inventory_Page_Test" name="verifysortTabTest" time="0.202"/>
  <testcase classname="testCases.verifyMultipleCredentialsTest" name="loginToApplicationWithMultipleDataTest" time="0.312"/>
  <testcase classname="testCases.verifyMultipleCredentialsTest" name="loginToApplicationWithMultipleDataTest" time="0.319"/>
  <testcase classname="testCases.verifyMultipleCredentialsTest" name="loginToApplicationWithMultipleDataTest" time="5.329"/>
  <testcase classname="testCases.verifyMultipleCredentialsTest" name="loginToApplicationWithMultipleDataTest" time="0.371"/>
  <testcase classname="testCases.verifyMultipleCredentialsTest" name="loginToApplicationWithMultipleDataTest" time="0.345"/>
</testsuite> <!-- MasterTest -->
