<?xml version="1.0" encoding="UTF-8"?>
<testng-results ignored="0" total="3" passed="3" failed="0" skipped="0">
  <reporter-output>
    <line>
      <![CDATA[Url after Login https://www.saucedemo.com/inventory.html]]>
    </line>
    <line>
      <![CDATA[Verfied TitleSwag Labs]]>
    </line>
    <line>
      <![CDATA[Verfied URLhttps://www.saucedemo.com/]]>
    </line>
  </reporter-output>
  <suite started-at="2023-12-31T01:42:08 IST" name="Default suite" finished-at="2023-12-31T01:42:29 IST" duration-ms="21249">
    <groups>
      <group name="regression">
        <method signature="LoginPageTest.verifyTitleOfApplicationTest()[pri:0, instance:testCases.LoginPageTest@470734c3]" name="verifyTitleOfApplicationTest" class="testCases.LoginPageTest"/>
      </group> <!-- regression -->
      <group name="sanity">
        <method signature="LoginPageTest.loginToApplicationTest()[pri:0, instance:testCases.LoginPageTest@470734c3]" name="loginToApplicationTest" class="testCases.LoginPageTest"/>
        <method signature="LoginPageTest.verifyURLOfApplicationTest()[pri:0, instance:testCases.LoginPageTest@470734c3]" name="verifyURLOfApplicationTest" class="testCases.LoginPageTest"/>
      </group> <!-- sanity -->
      <group name="retest">
        <method signature="LoginPageTest.loginToApplicationTest()[pri:0, instance:testCases.LoginPageTest@470734c3]" name="loginToApplicationTest" class="testCases.LoginPageTest"/>
      </group> <!-- retest -->
    </groups>
    <test started-at="2023-12-31T01:42:08 IST" name="Default test" finished-at="2023-12-31T01:42:29 IST" duration-ms="21249">
      <class name="testCases.LoginPageTest">
        <test-method is-config="true" signature="setUp()[pri:0, instance:testCases.LoginPageTest@470734c3]" started-at="2023-12-31T01:42:08 IST" name="setUp" finished-at="2023-12-31T01:42:24 IST" duration-ms="16379" status="PASS">
          <reporter-output>
          </reporter-output>
        </test-method> <!-- setUp -->
        <test-method signature="loginToApplicationTest()[pri:0, instance:testCases.LoginPageTest@470734c3]" started-at="2023-12-31T01:42:24 IST" name="loginToApplicationTest" finished-at="2023-12-31T01:42:25 IST" duration-ms="993" status="PASS">
          <reporter-output>
            <line>
              <![CDATA[Url after Login https://www.saucedemo.com/inventory.html]]>
            </line>
          </reporter-output>
        </test-method> <!-- loginToApplicationTest -->
        <test-method is-config="true" signature="closeBrowser(org.testng.ITestResult)[pri:0, instance:testCases.LoginPageTest@470734c3]" started-at="2023-12-31T01:42:25 IST" name="closeBrowser" finished-at="2023-12-31T01:42:26 IST" duration-ms="486" status="PASS">
          <params>
            <param index="0">
              <value>
                <![CDATA[[TestResult name=loginToApplicationTest status=SUCCESS method=LoginPageTest.loginToApplicationTest()[pri:0, instance:testCases.LoginPageTest@470734c3] output=Url after Login https://www.saucedemo.com/inventory.html]]]>
              </value>
            </param>
          </params>
          <reporter-output>
          </reporter-output>
        </test-method> <!-- closeBrowser -->
        <test-method is-config="true" signature="setUp()[pri:0, instance:testCases.LoginPageTest@470734c3]" started-at="2023-12-31T01:42:26 IST" name="setUp" finished-at="2023-12-31T01:42:27 IST" duration-ms="1420" status="PASS">
          <reporter-output>
          </reporter-output>
        </test-method> <!-- setUp -->
        <test-method signature="verifyTitleOfApplicationTest()[pri:0, instance:testCases.LoginPageTest@470734c3]" started-at="2023-12-31T01:42:27 IST" name="verifyTitleOfApplicationTest" finished-at="2023-12-31T01:42:27 IST" duration-ms="102" status="PASS">
          <reporter-output>
            <line>
              <![CDATA[Verfied TitleSwag Labs]]>
            </line>
          </reporter-output>
        </test-method> <!-- verifyTitleOfApplicationTest -->
        <test-method is-config="true" signature="closeBrowser(org.testng.ITestResult)[pri:0, instance:testCases.LoginPageTest@470734c3]" started-at="2023-12-31T01:42:27 IST" name="closeBrowser" finished-at="2023-12-31T01:42:27 IST" duration-ms="215" status="PASS">
          <params>
            <param index="0">
              <value>
                <![CDATA[[TestResult name=verifyTitleOfApplicationTest status=SUCCESS method=LoginPageTest.verifyTitleOfApplicationTest()[pri:0, instance:testCases.LoginPageTest@470734c3] output=Verfied TitleSwag Labs]]]>
              </value>
            </param>
          </params>
          <reporter-output>
          </reporter-output>
        </test-method> <!-- closeBrowser -->
        <test-method is-config="true" signature="setUp()[pri:0, instance:testCases.LoginPageTest@470734c3]" started-at="2023-12-31T01:42:27 IST" name="setUp" finished-at="2023-12-31T01:42:29 IST" duration-ms="1310" status="PASS">
          <reporter-output>
          </reporter-output>
        </test-method> <!-- setUp -->
        <test-method signature="verifyURLOfApplicationTest()[pri:0, instance:testCases.LoginPageTest@470734c3]" started-at="2023-12-31T01:42:29 IST" name="verifyURLOfApplicationTest" finished-at="2023-12-31T01:42:29 IST" duration-ms="92" status="PASS">
          <reporter-output>
            <line>
              <![CDATA[Verfied URLhttps://www.saucedemo.com/]]>
            </line>
          </reporter-output>
        </test-method> <!-- verifyURLOfApplicationTest -->
        <test-method is-config="true" signature="closeBrowser(org.testng.ITestResult)[pri:0, instance:testCases.LoginPageTest@470734c3]" started-at="2023-12-31T01:42:29 IST" name="closeBrowser" finished-at="2023-12-31T01:42:29 IST" duration-ms="174" status="PASS">
          <params>
            <param index="0">
              <value>
                <![CDATA[[TestResult name=verifyURLOfApplicationTest status=SUCCESS method=LoginPageTest.verifyURLOfApplicationTest()[pri:0, instance:testCases.LoginPageTest@470734c3] output=Verfied URLhttps://www.saucedemo.com/]]]>
              </value>
            </param>
          </params>
          <reporter-output>
          </reporter-output>
        </test-method> <!-- closeBrowser -->
      </class> <!-- testCases.LoginPageTest -->
    </test> <!-- Default test -->
  </suite> <!-- Default suite -->
</testng-results>
