<?xml version="1.0" encoding="UTF-8"?>
<testng-results ignored="0" total="48" passed="48" failed="0" skipped="0">
  <reporter-output>
    <line>
      <![CDATA[URL after Cancel Button https://www.saucedemo.com/cart.html]]>
    </line>
    <line>
      <![CDATA[URL after Clicking Continue Button https://www.saucedemo.com/checkout-step-two.html]]>
    </line>
    <line>
      <![CDATA[Title of Checkout1 Checkout: Your Information]]>
    </line>
    <line>
      <![CDATA[URL of Chcekout 1 https://www.saucedemo.com/checkout-step-one.html]]>
    </line>
    <line>
      <![CDATA[Cancel Button https://www.saucedemo.com/inventory.html]]>
    </line>
    <line>
      <![CDATA[Finish Button https://www.saucedemo.com/checkout-complete.html]]>
    </line>
    <line>
      <![CDATA[Title of Checkout 2 Checkout: Overview]]>
    </line>
    <line>
      <![CDATA[URL of Chcekout 2 https://www.saucedemo.com/checkout-step-two.html]]>
    </line>
    <line>
      <![CDATA[https://www.saucedemo.com/checkout-step-one.html]]>
    </line>
    <line>
      <![CDATA[https://www.saucedemo.com/inventory.html]]>
    </line>
    <line>
      <![CDATA[URL of Cart Your Cart]]>
    </line>
    <line>
      <![CDATA[URL of Cart https://www.saucedemo.com/cart.html]]>
    </line>
    <line>
      <![CDATA[Header: Thank you for your order!]]>
    </line>
    <line>
      <![CDATA[Header Text: Your order has been dispatched, and will arrive just as fast as the pony can get there!]]>
    </line>
    <line>
      <![CDATA[Final Logo Visibility: true]]>
    </line>
    <line>
      <![CDATA[Title of Checkout 3 Checkout: Complete!]]>
    </line>
    <line>
      <![CDATA[URL of Chcekout 3 https://www.saucedemo.com/checkout-complete.html]]>
    </line>
    <line>
      <![CDATA[After Clicking on Back Home Button: https://www.saucedemo.com/inventory.html]]>
    </line>
    <line>
      <![CDATA[Url after Login https://www.saucedemo.com/inventory.html]]>
    </line>
    <line>
      <![CDATA[Verfied TitleSwag Labs]]>
    </line>
    <line>
      <![CDATA[Verfied URLhttps://www.saucedemo.com/]]>
    </line>
    <line>
      <![CDATA[Total Products Added To Cart: 6]]>
    </line>
    <line>
      <![CDATA[Total Products After Removing 2 Products: 4]]>
    </line>
    <line>
      <![CDATA[Add To Cart 1: true]]>
    </line>
    <line>
      <![CDATA[Add To Cart 2: true]]>
    </line>
    <line>
      <![CDATA[Add To Cart 3: true]]>
    </line>
    <line>
      <![CDATA[Add To Cart 5: true]]>
    </line>
    <line>
      <![CDATA[Add To Cart 6: true]]>
    </line>
    <line>
      <![CDATA[Burger Menu Showing: true]]>
    </line>
    <line>
      <![CDATA[Cart Link Showing: true]]>
    </line>
    <line>
      <![CDATA[Total Product Count On Page: 6]]>
    </line>
    <line>
      <![CDATA[Facebook Icon Visibility: true]]>
    </line>
    <line>
      <![CDATA[Linkdin Icon Visibility: true]]>
    </line>
    <line>
      <![CDATA[Twitter Icon Visibility: true]]>
    </line>
    <line>
      <![CDATA[Product 1: Sauce Labs Backpack]]>
    </line>
    <line>
      <![CDATA[Product 2: Sauce Labs Bike Light]]>
    </line>
    <line>
      <![CDATA[Product 3: Sauce Labs Bolt T-Shirt]]>
    </line>
    <line>
      <![CDATA[Product 4: Sauce Labs Fleece Jacket]]>
    </line>
    <line>
      <![CDATA[Product 5: Sauce Labs Onesie]]>
    </line>
    <line>
      <![CDATA[Product 6: Test.allTheThings() T-Shirt (Red)]]>
    </line>
    <line>
      <![CDATA[Product Label: Products]]>
    </line>
    <line>
      <![CDATA[App Logo: Swag Labs]]>
    </line>
    <line>
      <![CDATA[Sort By Tab: true]]>
    </line>
    <line>
      <![CDATA[Url after Login https://www.saucedemo.com/inventory.html]]>
    </line>
    <line>
      <![CDATA[Url after Login https://www.saucedemo.com/inventory.html]]>
    </line>
    <line>
      <![CDATA[Url after Login https://www.saucedemo.com/inventory.html]]>
    </line>
    <line>
      <![CDATA[Url after Login https://www.saucedemo.com/inventory.html]]>
    </line>
    <line>
      <![CDATA[Url after Login https://www.saucedemo.com/inventory.html]]>
    </line>
  </reporter-output>
  <suite started-at="2023-11-18T05:31:50 IST" name="Suite" finished-at="2023-11-18T05:37:13 IST" duration-ms="322457">
    <groups>
      <group name="regression">
        <method signature="LoginPageTest.verifyTitleOfApplicationTest()[pri:0, instance:testCases.LoginPageTest@5ddeb7cb]" name="verifyTitleOfApplicationTest" class="testCases.LoginPageTest"/>
      </group> <!-- regression -->
      <group name="sanity">
        <method signature="CheckoutCompleteTest.verifybackHomeTest()[pri:0, instance:testCases.CheckoutCompleteTest@942a29c]" name="verifybackHomeTest" class="testCases.CheckoutCompleteTest"/>
        <method signature="LoginPageTest.loginToApplicationTest()[pri:0, instance:testCases.LoginPageTest@5ddeb7cb]" name="loginToApplicationTest" class="testCases.LoginPageTest"/>
        <method signature="LoginPageTest.verifyURLOfApplicationTest()[pri:0, instance:testCases.LoginPageTest@5ddeb7cb]" name="verifyURLOfApplicationTest" class="testCases.LoginPageTest"/>
      </group> <!-- sanity -->
      <group name="retest">
        <method signature="CheckoutCompleteTest.verifybackHomeTest()[pri:0, instance:testCases.CheckoutCompleteTest@942a29c]" name="verifybackHomeTest" class="testCases.CheckoutCompleteTest"/>
        <method signature="LoginPageTest.loginToApplicationTest()[pri:0, instance:testCases.LoginPageTest@5ddeb7cb]" name="loginToApplicationTest" class="testCases.LoginPageTest"/>
      </group> <!-- retest -->
    </groups>
    <test started-at="2023-11-18T05:31:50 IST" name="MasterTest" finished-at="2023-11-18T05:37:13 IST" duration-ms="322457">
      <class name="testCases.Checkout2Test">
        <test-method is-config="true" signature="setUp()[pri:0, instance:testCases.Checkout2Test@3f6f6701]" started-at="2023-11-18T05:32:15 IST" name="setUp" finished-at="2023-11-18T05:32:20 IST" duration-ms="5089" status="PASS">
          <reporter-output>
          </reporter-output>
        </test-method> <!-- setUp -->
        <test-method signature="verifyCancelButtonTest()[pri:0, instance:testCases.Checkout2Test@3f6f6701]" started-at="2023-11-18T05:32:20 IST" name="verifyCancelButtonTest" finished-at="2023-11-18T05:32:21 IST" duration-ms="90" status="PASS">
          <reporter-output>
            <line>
              <![CDATA[Cancel Button https://www.saucedemo.com/inventory.html]]>
            </line>
          </reporter-output>
        </test-method> <!-- verifyCancelButtonTest -->
        <test-method is-config="true" signature="closeBrowser(org.testng.ITestResult)[pri:0, instance:testCases.Checkout2Test@3f6f6701]" started-at="2023-11-18T05:32:21 IST" name="closeBrowser" finished-at="2023-11-18T05:32:21 IST" duration-ms="192" status="PASS">
          <params>
            <param index="0">
              <value>
                <![CDATA[[TestResult name=verifyCancelButtonTest status=SUCCESS method=Checkout2Test.verifyCancelButtonTest()[pri:0, instance:testCases.Checkout2Test@3f6f6701] output=Cancel Button https://www.saucedemo.com/inventory.html]]]>
              </value>
            </param>
          </params>
          <reporter-output>
          </reporter-output>
        </test-method> <!-- closeBrowser -->
        <test-method is-config="true" signature="setUp()[pri:0, instance:testCases.Checkout2Test@3f6f6701]" started-at="2023-11-18T05:32:21 IST" name="setUp" finished-at="2023-11-18T05:32:27 IST" duration-ms="5801" status="PASS">
          <reporter-output>
          </reporter-output>
        </test-method> <!-- setUp -->
        <test-method signature="verifyFinishButtonTest()[pri:0, instance:testCases.Checkout2Test@3f6f6701]" started-at="2023-11-18T05:32:27 IST" name="verifyFinishButtonTest" finished-at="2023-11-18T05:32:27 IST" duration-ms="96" status="PASS">
          <reporter-output>
            <line>
              <![CDATA[Finish Button https://www.saucedemo.com/checkout-complete.html]]>
            </line>
          </reporter-output>
        </test-method> <!-- verifyFinishButtonTest -->
        <test-method is-config="true" signature="closeBrowser(org.testng.ITestResult)[pri:0, instance:testCases.Checkout2Test@3f6f6701]" started-at="2023-11-18T05:32:27 IST" name="closeBrowser" finished-at="2023-11-18T05:32:27 IST" duration-ms="178" status="PASS">
          <params>
            <param index="0">
              <value>
                <![CDATA[[TestResult name=verifyFinishButtonTest status=SUCCESS method=Checkout2Test.verifyFinishButtonTest()[pri:0, instance:testCases.Checkout2Test@3f6f6701] output=Finish Button https://www.saucedemo.com/checkout-complete.html]]]>
              </value>
            </param>
          </params>
          <reporter-output>
          </reporter-output>
        </test-method> <!-- closeBrowser -->
        <test-method is-config="true" signature="setUp()[pri:0, instance:testCases.Checkout2Test@3f6f6701]" started-at="2023-11-18T05:32:27 IST" name="setUp" finished-at="2023-11-18T05:32:32 IST" duration-ms="5322" status="PASS">
          <reporter-output>
          </reporter-output>
        </test-method> <!-- setUp -->
        <test-method signature="verifyTitleOfCheckout2Test()[pri:0, instance:testCases.Checkout2Test@3f6f6701]" started-at="2023-11-18T05:32:32 IST" name="verifyTitleOfCheckout2Test" finished-at="2023-11-18T05:32:32 IST" duration-ms="40" status="PASS">
          <reporter-output>
            <line>
              <![CDATA[Title of Checkout 2 Checkout: Overview]]>
            </line>
          </reporter-output>
        </test-method> <!-- verifyTitleOfCheckout2Test -->
        <test-method is-config="true" signature="closeBrowser(org.testng.ITestResult)[pri:0, instance:testCases.Checkout2Test@3f6f6701]" started-at="2023-11-18T05:32:32 IST" name="closeBrowser" finished-at="2023-11-18T05:32:32 IST" duration-ms="167" status="PASS">
          <params>
            <param index="0">
              <value>
                <![CDATA[[TestResult name=verifyTitleOfCheckout2Test status=SUCCESS method=Checkout2Test.verifyTitleOfCheckout2Test()[pri:0, instance:testCases.Checkout2Test@3f6f6701] output=Title of Checkout 2 Checkout: Overview]]]>
              </value>
            </param>
          </params>
          <reporter-output>
          </reporter-output>
        </test-method> <!-- closeBrowser -->
        <test-method is-config="true" signature="setUp()[pri:0, instance:testCases.Checkout2Test@3f6f6701]" started-at="2023-11-18T05:32:32 IST" name="setUp" finished-at="2023-11-18T05:32:38 IST" duration-ms="5450" status="PASS">
          <reporter-output>
          </reporter-output>
        </test-method> <!-- setUp -->
        <test-method signature="verifyURLOfCheckout2Test()[pri:0, instance:testCases.Checkout2Test@3f6f6701]" started-at="2023-11-18T05:32:38 IST" name="verifyURLOfCheckout2Test" finished-at="2023-11-18T05:32:38 IST" duration-ms="25" status="PASS">
          <reporter-output>
            <line>
              <![CDATA[URL of Chcekout 2 https://www.saucedemo.com/checkout-step-two.html]]>
            </line>
          </reporter-output>
        </test-method> <!-- verifyURLOfCheckout2Test -->
        <test-method is-config="true" signature="closeBrowser(org.testng.ITestResult)[pri:0, instance:testCases.Checkout2Test@3f6f6701]" started-at="2023-11-18T05:32:38 IST" name="closeBrowser" finished-at="2023-11-18T05:32:38 IST" duration-ms="255" status="PASS">
          <params>
            <param index="0">
              <value>
                <![CDATA[[TestResult name=verifyURLOfCheckout2Test status=SUCCESS method=Checkout2Test.verifyURLOfCheckout2Test()[pri:0, instance:testCases.Checkout2Test@3f6f6701] output=URL of Chcekout 2 https://www.saucedemo.com/checkout-step-two.html]]]>
              </value>
            </param>
          </params>
          <reporter-output>
          </reporter-output>
        </test-method> <!-- closeBrowser -->
      </class> <!-- testCases.Checkout2Test -->
      <class name="testCases.CheckoutCompleteTest">
        <test-method is-config="true" signature="setUp()[pri:0, instance:testCases.CheckoutCompleteTest@942a29c]" started-at="2023-11-18T05:33:03 IST" name="setUp" finished-at="2023-11-18T05:33:09 IST" duration-ms="5971" status="PASS">
          <reporter-output>
          </reporter-output>
        </test-method> <!-- setUp -->
        <test-method signature="verifyHeaderTest()[pri:0, instance:testCases.CheckoutCompleteTest@942a29c]" started-at="2023-11-18T05:33:09 IST" name="verifyHeaderTest" finished-at="2023-11-18T05:33:09 IST" duration-ms="53" status="PASS">
          <reporter-output>
            <line>
              <![CDATA[Header: Thank you for your order!]]>
            </line>
          </reporter-output>
        </test-method> <!-- verifyHeaderTest -->
        <test-method is-config="true" signature="closeBrowser(org.testng.ITestResult)[pri:0, instance:testCases.CheckoutCompleteTest@942a29c]" started-at="2023-11-18T05:33:09 IST" name="closeBrowser" finished-at="2023-11-18T05:33:09 IST" duration-ms="242" status="PASS">
          <params>
            <param index="0">
              <value>
                <![CDATA[[TestResult name=verifyHeaderTest status=SUCCESS method=CheckoutCompleteTest.verifyHeaderTest()[pri:0, instance:testCases.CheckoutCompleteTest@942a29c] output=Header: Thank you for your order!]]]>
              </value>
            </param>
          </params>
          <reporter-output>
          </reporter-output>
        </test-method> <!-- closeBrowser -->
        <test-method is-config="true" signature="setUp()[pri:0, instance:testCases.CheckoutCompleteTest@942a29c]" started-at="2023-11-18T05:33:09 IST" name="setUp" finished-at="2023-11-18T05:33:14 IST" duration-ms="5413" status="PASS">
          <reporter-output>
          </reporter-output>
        </test-method> <!-- setUp -->
        <test-method signature="verifyHeaderTextTest()[pri:0, instance:testCases.CheckoutCompleteTest@942a29c]" started-at="2023-11-18T05:33:14 IST" name="verifyHeaderTextTest" finished-at="2023-11-18T05:33:14 IST" duration-ms="60" status="PASS">
          <reporter-output>
            <line>
              <![CDATA[Header Text: Your order has been dispatched, and will arrive just as fast as the pony can get there!]]>
            </line>
          </reporter-output>
        </test-method> <!-- verifyHeaderTextTest -->
        <test-method is-config="true" signature="closeBrowser(org.testng.ITestResult)[pri:0, instance:testCases.CheckoutCompleteTest@942a29c]" started-at="2023-11-18T05:33:14 IST" name="closeBrowser" finished-at="2023-11-18T05:33:15 IST" duration-ms="179" status="PASS">
          <params>
            <param index="0">
              <value>
                <![CDATA[[TestResult name=verifyHeaderTextTest status=SUCCESS method=CheckoutCompleteTest.verifyHeaderTextTest()[pri:0, instance:testCases.CheckoutCompleteTest@942a29c] output=Header Text: Your order has been dispatched, and will arrive just as fast as the pony can get there!]]]>
              </value>
            </param>
          </params>
          <reporter-output>
          </reporter-output>
        </test-method> <!-- closeBrowser -->
        <test-method is-config="true" signature="setUp()[pri:0, instance:testCases.CheckoutCompleteTest@942a29c]" started-at="2023-11-18T05:33:15 IST" name="setUp" finished-at="2023-11-18T05:33:20 IST" duration-ms="5353" status="PASS">
          <reporter-output>
          </reporter-output>
        </test-method> <!-- setUp -->
        <test-method signature="verifyImageTest()[pri:0, instance:testCases.CheckoutCompleteTest@942a29c]" started-at="2023-11-18T05:33:20 IST" name="verifyImageTest" finished-at="2023-11-18T05:33:20 IST" duration-ms="46" status="PASS">
          <reporter-output>
            <line>
              <![CDATA[Final Logo Visibility: true]]>
            </line>
          </reporter-output>
        </test-method> <!-- verifyImageTest -->
        <test-method is-config="true" signature="closeBrowser(org.testng.ITestResult)[pri:0, instance:testCases.CheckoutCompleteTest@942a29c]" started-at="2023-11-18T05:33:20 IST" name="closeBrowser" finished-at="2023-11-18T05:33:20 IST" duration-ms="236" status="PASS">
          <params>
            <param index="0">
              <value>
                <![CDATA[[TestResult name=verifyImageTest status=SUCCESS method=CheckoutCompleteTest.verifyImageTest()[pri:0, instance:testCases.CheckoutCompleteTest@942a29c] output=Final Logo Visibility: true]]]>
              </value>
            </param>
          </params>
          <reporter-output>
          </reporter-output>
        </test-method> <!-- closeBrowser -->
        <test-method is-config="true" signature="setUp()[pri:0, instance:testCases.CheckoutCompleteTest@942a29c]" started-at="2023-11-18T05:33:20 IST" name="setUp" finished-at="2023-11-18T05:33:26 IST" duration-ms="5494" status="PASS">
          <reporter-output>
          </reporter-output>
        </test-method> <!-- setUp -->
        <test-method signature="verifyTitleOfCheckoutCompleteTest()[pri:0, instance:testCases.CheckoutCompleteTest@942a29c]" started-at="2023-11-18T05:33:26 IST" name="verifyTitleOfCheckoutCompleteTest" finished-at="2023-11-18T05:33:26 IST" duration-ms="49" status="PASS">
          <reporter-output>
            <line>
              <![CDATA[Title of Checkout 3 Checkout: Complete!]]>
            </line>
          </reporter-output>
        </test-method> <!-- verifyTitleOfCheckoutCompleteTest -->
        <test-method is-config="true" signature="closeBrowser(org.testng.ITestResult)[pri:0, instance:testCases.CheckoutCompleteTest@942a29c]" started-at="2023-11-18T05:33:26 IST" name="closeBrowser" finished-at="2023-11-18T05:33:26 IST" duration-ms="181" status="PASS">
          <params>
            <param index="0">
              <value>
                <![CDATA[[TestResult name=verifyTitleOfCheckoutCompleteTest status=SUCCESS method=CheckoutCompleteTest.verifyTitleOfCheckoutCompleteTest()[pri:0, instance:testCases.CheckoutCompleteTest@942a29c] output=Title of Checkout 3 Checkout: Complete!]]]>
              </value>
            </param>
          </params>
          <reporter-output>
          </reporter-output>
        </test-method> <!-- closeBrowser -->
        <test-method is-config="true" signature="setUp()[pri:0, instance:testCases.CheckoutCompleteTest@942a29c]" started-at="2023-11-18T05:33:26 IST" name="setUp" finished-at="2023-11-18T05:33:31 IST" duration-ms="5524" status="PASS">
          <reporter-output>
          </reporter-output>
        </test-method> <!-- setUp -->
        <test-method signature="verifyURLOfCheckoutCompleteTest()[pri:0, instance:testCases.CheckoutCompleteTest@942a29c]" started-at="2023-11-18T05:33:31 IST" name="verifyURLOfCheckoutCompleteTest" finished-at="2023-11-18T05:33:31 IST" duration-ms="22" status="PASS">
          <reporter-output>
            <line>
              <![CDATA[URL of Chcekout 3 https://www.saucedemo.com/checkout-complete.html]]>
            </line>
          </reporter-output>
        </test-method> <!-- verifyURLOfCheckoutCompleteTest -->
        <test-method is-config="true" signature="closeBrowser(org.testng.ITestResult)[pri:0, instance:testCases.CheckoutCompleteTest@942a29c]" started-at="2023-11-18T05:33:31 IST" name="closeBrowser" finished-at="2023-11-18T05:33:32 IST" duration-ms="176" status="PASS">
          <params>
            <param index="0">
              <value>
                <![CDATA[[TestResult name=verifyURLOfCheckoutCompleteTest status=SUCCESS method=CheckoutCompleteTest.verifyURLOfCheckoutCompleteTest()[pri:0, instance:testCases.CheckoutCompleteTest@942a29c] output=URL of Chcekout 3 https://www.saucedemo.com/checkout-complete.html]]]>
              </value>
            </param>
          </params>
          <reporter-output>
          </reporter-output>
        </test-method> <!-- closeBrowser -->
        <test-method is-config="true" signature="setUp()[pri:0, instance:testCases.CheckoutCompleteTest@942a29c]" started-at="2023-11-18T05:33:32 IST" name="setUp" finished-at="2023-11-18T05:33:37 IST" duration-ms="4987" status="PASS">
          <reporter-output>
          </reporter-output>
        </test-method> <!-- setUp -->
        <test-method signature="verifybackHomeTest()[pri:0, instance:testCases.CheckoutCompleteTest@942a29c]" started-at="2023-11-18T05:33:37 IST" name="verifybackHomeTest" finished-at="2023-11-18T05:33:37 IST" duration-ms="100" status="PASS">
          <reporter-output>
            <line>
              <![CDATA[After Clicking on Back Home Button: https://www.saucedemo.com/inventory.html]]>
            </line>
          </reporter-output>
        </test-method> <!-- verifybackHomeTest -->
        <test-method is-config="true" signature="closeBrowser(org.testng.ITestResult)[pri:0, instance:testCases.CheckoutCompleteTest@942a29c]" started-at="2023-11-18T05:33:37 IST" name="closeBrowser" finished-at="2023-11-18T05:33:37 IST" duration-ms="194" status="PASS">
          <params>
            <param index="0">
              <value>
                <![CDATA[[TestResult name=verifybackHomeTest status=SUCCESS method=CheckoutCompleteTest.verifybackHomeTest()[pri:0, instance:testCases.CheckoutCompleteTest@942a29c] output=After Clicking on Back Home Button: https://www.saucedemo.com/inventory.html]]]>
              </value>
            </param>
          </params>
          <reporter-output>
          </reporter-output>
        </test-method> <!-- closeBrowser -->
      </class> <!-- testCases.CheckoutCompleteTest -->
      <class name="testCases.LoginPageTest">
        <test-method is-config="true" signature="setUp()[pri:0, instance:testCases.LoginPageTest@5ddeb7cb]" started-at="2023-11-18T05:33:37 IST" name="setUp" finished-at="2023-11-18T05:33:41 IST" duration-ms="3777" status="PASS">
          <reporter-output>
          </reporter-output>
        </test-method> <!-- setUp -->
        <test-method signature="loginToApplicationTest()[pri:0, instance:testCases.LoginPageTest@5ddeb7cb]" started-at="2023-11-18T05:33:41 IST" name="loginToApplicationTest" finished-at="2023-11-18T05:33:41 IST" duration-ms="399" status="PASS">
          <reporter-output>
            <line>
              <![CDATA[Url after Login https://www.saucedemo.com/inventory.html]]>
            </line>
          </reporter-output>
        </test-method> <!-- loginToApplicationTest -->
        <test-method is-config="true" signature="closeBrowser(org.testng.ITestResult)[pri:0, instance:testCases.LoginPageTest@5ddeb7cb]" started-at="2023-11-18T05:33:41 IST" name="closeBrowser" finished-at="2023-11-18T05:33:41 IST" duration-ms="257" status="PASS">
          <params>
            <param index="0">
              <value>
                <![CDATA[[TestResult name=loginToApplicationTest status=SUCCESS method=LoginPageTest.loginToApplicationTest()[pri:0, instance:testCases.LoginPageTest@5ddeb7cb] output=Url after Login https://www.saucedemo.com/inventory.html]]]>
              </value>
            </param>
          </params>
          <reporter-output>
          </reporter-output>
        </test-method> <!-- closeBrowser -->
        <test-method is-config="true" signature="setUp()[pri:0, instance:testCases.LoginPageTest@5ddeb7cb]" started-at="2023-11-18T05:33:41 IST" name="setUp" finished-at="2023-11-18T05:33:45 IST" duration-ms="3854" status="PASS">
          <reporter-output>
          </reporter-output>
        </test-method> <!-- setUp -->
        <test-method signature="verifyTitleOfApplicationTest()[pri:0, instance:testCases.LoginPageTest@5ddeb7cb]" started-at="2023-11-18T05:33:45 IST" name="verifyTitleOfApplicationTest" finished-at="2023-11-18T05:33:45 IST" duration-ms="26" status="PASS">
          <reporter-output>
            <line>
              <![CDATA[Verfied TitleSwag Labs]]>
            </line>
          </reporter-output>
        </test-method> <!-- verifyTitleOfApplicationTest -->
        <test-method is-config="true" signature="closeBrowser(org.testng.ITestResult)[pri:0, instance:testCases.LoginPageTest@5ddeb7cb]" started-at="2023-11-18T05:33:45 IST" name="closeBrowser" finished-at="2023-11-18T05:33:52 IST" duration-ms="6507" status="PASS">
          <params>
            <param index="0">
              <value>
                <![CDATA[[TestResult name=verifyTitleOfApplicationTest status=SUCCESS method=LoginPageTest.verifyTitleOfApplicationTest()[pri:0, instance:testCases.LoginPageTest@5ddeb7cb] output=Verfied TitleSwag Labs]]]>
              </value>
            </param>
          </params>
          <reporter-output>
          </reporter-output>
        </test-method> <!-- closeBrowser -->
        <test-method is-config="true" signature="setUp()[pri:0, instance:testCases.LoginPageTest@5ddeb7cb]" started-at="2023-11-18T05:33:52 IST" name="setUp" finished-at="2023-11-18T05:33:56 IST" duration-ms="4176" status="PASS">
          <reporter-output>
          </reporter-output>
        </test-method> <!-- setUp -->
        <test-method signature="verifyURLOfApplicationTest()[pri:0, instance:testCases.LoginPageTest@5ddeb7cb]" started-at="2023-11-18T05:33:56 IST" name="verifyURLOfApplicationTest" finished-at="2023-11-18T05:33:56 IST" duration-ms="35" status="PASS">
          <reporter-output>
            <line>
              <![CDATA[Verfied URLhttps://www.saucedemo.com/]]>
            </line>
          </reporter-output>
        </test-method> <!-- verifyURLOfApplicationTest -->
        <test-method is-config="true" signature="closeBrowser(org.testng.ITestResult)[pri:0, instance:testCases.LoginPageTest@5ddeb7cb]" started-at="2023-11-18T05:33:56 IST" name="closeBrowser" finished-at="2023-11-18T05:34:02 IST" duration-ms="6508" status="PASS">
          <params>
            <param index="0">
              <value>
                <![CDATA[[TestResult name=verifyURLOfApplicationTest status=SUCCESS method=LoginPageTest.verifyURLOfApplicationTest()[pri:0, instance:testCases.LoginPageTest@5ddeb7cb] output=Verfied URLhttps://www.saucedemo.com/]]]>
              </value>
            </param>
          </params>
          <reporter-output>
          </reporter-output>
        </test-method> <!-- closeBrowser -->
      </class> <!-- testCases.LoginPageTest -->
      <class name="testCases.Checkout1Test">
        <test-method is-config="true" signature="setUp()[pri:0, instance:testCases.Checkout1Test@1e1a0406]" started-at="2023-11-18T05:31:50 IST" name="setUp" finished-at="2023-11-18T05:31:56 IST" duration-ms="5914" status="PASS">
          <reporter-output>
          </reporter-output>
        </test-method> <!-- setUp -->
        <test-method signature="verifyCancelCheckout1Test()[pri:0, instance:testCases.Checkout1Test@1e1a0406]" started-at="2023-11-18T05:31:56 IST" name="verifyCancelCheckout1Test" finished-at="2023-11-18T05:31:57 IST" duration-ms="875" status="PASS">
          <reporter-output>
            <line>
              <![CDATA[URL after Cancel Button https://www.saucedemo.com/cart.html]]>
            </line>
          </reporter-output>
        </test-method> <!-- verifyCancelCheckout1Test -->
        <test-method is-config="true" signature="closeBrowser(org.testng.ITestResult)[pri:0, instance:testCases.Checkout1Test@1e1a0406]" started-at="2023-11-18T05:31:57 IST" name="closeBrowser" finished-at="2023-11-18T05:31:58 IST" duration-ms="393" status="PASS">
          <params>
            <param index="0">
              <value>
                <![CDATA[[TestResult name=verifyCancelCheckout1Test status=SUCCESS method=Checkout1Test.verifyCancelCheckout1Test()[pri:0, instance:testCases.Checkout1Test@1e1a0406] output=URL after Cancel Button https://www.saucedemo.com/cart.html]]]>
              </value>
            </param>
          </params>
          <reporter-output>
          </reporter-output>
        </test-method> <!-- closeBrowser -->
        <test-method is-config="true" signature="setUp()[pri:0, instance:testCases.Checkout1Test@1e1a0406]" started-at="2023-11-18T05:31:58 IST" name="setUp" finished-at="2023-11-18T05:32:02 IST" duration-ms="4628" status="PASS">
          <reporter-output>
          </reporter-output>
        </test-method> <!-- setUp -->
        <test-method signature="verifyCheckout1Test()[pri:0, instance:testCases.Checkout1Test@1e1a0406]" started-at="2023-11-18T05:32:02 IST" name="verifyCheckout1Test" finished-at="2023-11-18T05:32:03 IST" duration-ms="577" status="PASS">
          <reporter-output>
            <line>
              <![CDATA[URL after Clicking Continue Button https://www.saucedemo.com/checkout-step-two.html]]>
            </line>
          </reporter-output>
        </test-method> <!-- verifyCheckout1Test -->
        <test-method is-config="true" signature="closeBrowser(org.testng.ITestResult)[pri:0, instance:testCases.Checkout1Test@1e1a0406]" started-at="2023-11-18T05:32:03 IST" name="closeBrowser" finished-at="2023-11-18T05:32:03 IST" duration-ms="281" status="PASS">
          <params>
            <param index="0">
              <value>
                <![CDATA[[TestResult name=verifyCheckout1Test status=SUCCESS method=Checkout1Test.verifyCheckout1Test()[pri:0, instance:testCases.Checkout1Test@1e1a0406] output=URL after Clicking Continue Button https://www.saucedemo.com/checkout-step-two.html]]]>
              </value>
            </param>
          </params>
          <reporter-output>
          </reporter-output>
        </test-method> <!-- closeBrowser -->
        <test-method is-config="true" signature="setUp()[pri:0, instance:testCases.Checkout1Test@1e1a0406]" started-at="2023-11-18T05:32:03 IST" name="setUp" finished-at="2023-11-18T05:32:09 IST" duration-ms="5761" status="PASS">
          <reporter-output>
          </reporter-output>
        </test-method> <!-- setUp -->
        <test-method signature="verifyTitleOfCheckout1Test()[pri:0, instance:testCases.Checkout1Test@1e1a0406]" started-at="2023-11-18T05:32:09 IST" name="verifyTitleOfCheckout1Test" finished-at="2023-11-18T05:32:09 IST" duration-ms="142" status="PASS">
          <reporter-output>
            <line>
              <![CDATA[Title of Checkout1 Checkout: Your Information]]>
            </line>
          </reporter-output>
        </test-method> <!-- verifyTitleOfCheckout1Test -->
        <test-method is-config="true" signature="closeBrowser(org.testng.ITestResult)[pri:0, instance:testCases.Checkout1Test@1e1a0406]" started-at="2023-11-18T05:32:09 IST" name="closeBrowser" finished-at="2023-11-18T05:32:09 IST" duration-ms="298" status="PASS">
          <params>
            <param index="0">
              <value>
                <![CDATA[[TestResult name=verifyTitleOfCheckout1Test status=SUCCESS method=Checkout1Test.verifyTitleOfCheckout1Test()[pri:0, instance:testCases.Checkout1Test@1e1a0406] output=Title of Checkout1 Checkout: Your Information]]]>
              </value>
            </param>
          </params>
          <reporter-output>
          </reporter-output>
        </test-method> <!-- closeBrowser -->
        <test-method is-config="true" signature="setUp()[pri:0, instance:testCases.Checkout1Test@1e1a0406]" started-at="2023-11-18T05:32:09 IST" name="setUp" finished-at="2023-11-18T05:32:15 IST" duration-ms="5723" status="PASS">
          <reporter-output>
          </reporter-output>
        </test-method> <!-- setUp -->
        <test-method signature="verifyURLOfCheckout1Test()[pri:0, instance:testCases.Checkout1Test@1e1a0406]" started-at="2023-11-18T05:32:15 IST" name="verifyURLOfCheckout1Test" finished-at="2023-11-18T05:32:15 IST" duration-ms="120" status="PASS">
          <reporter-output>
            <line>
              <![CDATA[URL of Chcekout 1 https://www.saucedemo.com/checkout-step-one.html]]>
            </line>
          </reporter-output>
        </test-method> <!-- verifyURLOfCheckout1Test -->
        <test-method is-config="true" signature="closeBrowser(org.testng.ITestResult)[pri:0, instance:testCases.Checkout1Test@1e1a0406]" started-at="2023-11-18T05:32:15 IST" name="closeBrowser" finished-at="2023-11-18T05:32:15 IST" duration-ms="189" status="PASS">
          <params>
            <param index="0">
              <value>
                <![CDATA[[TestResult name=verifyURLOfCheckout1Test status=SUCCESS method=Checkout1Test.verifyURLOfCheckout1Test()[pri:0, instance:testCases.Checkout1Test@1e1a0406] output=URL of Chcekout 1 https://www.saucedemo.com/checkout-step-one.html]]]>
              </value>
            </param>
          </params>
          <reporter-output>
          </reporter-output>
        </test-method> <!-- closeBrowser -->
      </class> <!-- testCases.Checkout1Test -->
      <class name="testCases.CartPageTest">
        <test-method is-config="true" signature="setUp()[pri:0, instance:testCases.CartPageTest@3527942a]" started-at="2023-11-18T05:32:38 IST" name="setUp" finished-at="2023-11-18T05:32:46 IST" duration-ms="7682" status="PASS">
          <reporter-output>
          </reporter-output>
        </test-method> <!-- setUp -->
        <test-method signature="verifyCheckoutTest()[pri:0, instance:testCases.CartPageTest@3527942a]" started-at="2023-11-18T05:32:46 IST" name="verifyCheckoutTest" finished-at="2023-11-18T05:32:46 IST" duration-ms="68" status="PASS">
          <reporter-output>
            <line>
              <![CDATA[https://www.saucedemo.com/checkout-step-one.html]]>
            </line>
          </reporter-output>
        </test-method> <!-- verifyCheckoutTest -->
        <test-method is-config="true" signature="closeBrowser(org.testng.ITestResult)[pri:0, instance:testCases.CartPageTest@3527942a]" started-at="2023-11-18T05:32:46 IST" name="closeBrowser" finished-at="2023-11-18T05:32:46 IST" duration-ms="172" status="PASS">
          <params>
            <param index="0">
              <value>
                <![CDATA[[TestResult name=verifyCheckoutTest status=SUCCESS method=CartPageTest.verifyCheckoutTest()[pri:0, instance:testCases.CartPageTest@3527942a] output=https://www.saucedemo.com/checkout-step-one.html]]]>
              </value>
            </param>
          </params>
          <reporter-output>
          </reporter-output>
        </test-method> <!-- closeBrowser -->
        <test-method is-config="true" signature="setUp()[pri:0, instance:testCases.CartPageTest@3527942a]" started-at="2023-11-18T05:32:46 IST" name="setUp" finished-at="2023-11-18T05:32:51 IST" duration-ms="5273" status="PASS">
          <reporter-output>
          </reporter-output>
        </test-method> <!-- setUp -->
        <test-method signature="verifyContinueTest()[pri:0, instance:testCases.CartPageTest@3527942a]" started-at="2023-11-18T05:32:51 IST" name="verifyContinueTest" finished-at="2023-11-18T05:32:51 IST" duration-ms="103" status="PASS">
          <reporter-output>
            <line>
              <![CDATA[https://www.saucedemo.com/inventory.html]]>
            </line>
          </reporter-output>
        </test-method> <!-- verifyContinueTest -->
        <test-method is-config="true" signature="closeBrowser(org.testng.ITestResult)[pri:0, instance:testCases.CartPageTest@3527942a]" started-at="2023-11-18T05:32:51 IST" name="closeBrowser" finished-at="2023-11-18T05:32:52 IST" duration-ms="196" status="PASS">
          <params>
            <param index="0">
              <value>
                <![CDATA[[TestResult name=verifyContinueTest status=SUCCESS method=CartPageTest.verifyContinueTest()[pri:0, instance:testCases.CartPageTest@3527942a] output=https://www.saucedemo.com/inventory.html]]]>
              </value>
            </param>
          </params>
          <reporter-output>
          </reporter-output>
        </test-method> <!-- closeBrowser -->
        <test-method is-config="true" signature="setUp()[pri:0, instance:testCases.CartPageTest@3527942a]" started-at="2023-11-18T05:32:52 IST" name="setUp" finished-at="2023-11-18T05:32:57 IST" duration-ms="5400" status="PASS">
          <reporter-output>
          </reporter-output>
        </test-method> <!-- setUp -->
        <test-method signature="verifyTitleOfApplicationTest()[pri:0, instance:testCases.CartPageTest@3527942a]" started-at="2023-11-18T05:32:57 IST" name="verifyTitleOfApplicationTest" finished-at="2023-11-18T05:32:57 IST" duration-ms="56" status="PASS">
          <reporter-output>
            <line>
              <![CDATA[URL of Cart Your Cart]]>
            </line>
          </reporter-output>
        </test-method> <!-- verifyTitleOfApplicationTest -->
        <test-method is-config="true" signature="closeBrowser(org.testng.ITestResult)[pri:0, instance:testCases.CartPageTest@3527942a]" started-at="2023-11-18T05:32:57 IST" name="closeBrowser" finished-at="2023-11-18T05:32:57 IST" duration-ms="190" status="PASS">
          <params>
            <param index="0">
              <value>
                <![CDATA[[TestResult name=verifyTitleOfApplicationTest status=SUCCESS method=CartPageTest.verifyTitleOfApplicationTest()[pri:0, instance:testCases.CartPageTest@3527942a] output=URL of Cart Your Cart]]]>
              </value>
            </param>
          </params>
          <reporter-output>
          </reporter-output>
        </test-method> <!-- closeBrowser -->
        <test-method is-config="true" signature="setUp()[pri:0, instance:testCases.CartPageTest@3527942a]" started-at="2023-11-18T05:32:57 IST" name="setUp" finished-at="2023-11-18T05:33:02 IST" duration-ms="5204" status="PASS">
          <reporter-output>
          </reporter-output>
        </test-method> <!-- setUp -->
        <test-method signature="verifyURLOfApplicationTest()[pri:0, instance:testCases.CartPageTest@3527942a]" started-at="2023-11-18T05:33:02 IST" name="verifyURLOfApplicationTest" finished-at="2023-11-18T05:33:02 IST" duration-ms="38" status="PASS">
          <reporter-output>
            <line>
              <![CDATA[URL of Cart https://www.saucedemo.com/cart.html]]>
            </line>
          </reporter-output>
        </test-method> <!-- verifyURLOfApplicationTest -->
        <test-method is-config="true" signature="closeBrowser(org.testng.ITestResult)[pri:0, instance:testCases.CartPageTest@3527942a]" started-at="2023-11-18T05:33:02 IST" name="closeBrowser" finished-at="2023-11-18T05:33:03 IST" duration-ms="174" status="PASS">
          <params>
            <param index="0">
              <value>
                <![CDATA[[TestResult name=verifyURLOfApplicationTest status=SUCCESS method=CartPageTest.verifyURLOfApplicationTest()[pri:0, instance:testCases.CartPageTest@3527942a] output=URL of Cart https://www.saucedemo.com/cart.html]]]>
              </value>
            </param>
          </params>
          <reporter-output>
          </reporter-output>
        </test-method> <!-- closeBrowser -->
      </class> <!-- testCases.CartPageTest -->
      <class name="testCases.verifyMultipleCredentialsTest">
        <test-method is-config="true" signature="setUp()[pri:0, instance:testCases.verifyMultipleCredentialsTest@496bc455]" started-at="2023-11-18T05:36:35 IST" name="setUp" finished-at="2023-11-18T05:36:40 IST" duration-ms="4935" status="PASS">
          <reporter-output>
          </reporter-output>
        </test-method> <!-- setUp -->
        <test-method signature="loginToApplicationWithMultipleDataTest(java.lang.String,java.lang.String)[pri:0, instance:testCases.verifyMultipleCredentialsTest@496bc455]" started-at="2023-11-18T05:36:40 IST" name="loginToApplicationWithMultipleDataTest" data-provider="credentials" finished-at="2023-11-18T05:36:40 IST" duration-ms="312" status="PASS">
          <params>
            <param index="0">
              <value>
                <![CDATA[standard_user]]>
              </value>
            </param>
            <param index="1">
              <value>
                <![CDATA[secret_sauce]]>
              </value>
            </param>
          </params>
          <reporter-output>
            <line>
              <![CDATA[Url after Login https://www.saucedemo.com/inventory.html]]>
            </line>
          </reporter-output>
        </test-method> <!-- loginToApplicationWithMultipleDataTest -->
        <test-method is-config="true" signature="closeBrowser(org.testng.ITestResult)[pri:0, instance:testCases.verifyMultipleCredentialsTest@496bc455]" started-at="2023-11-18T05:36:40 IST" name="closeBrowser" finished-at="2023-11-18T05:36:46 IST" duration-ms="6468" status="PASS">
          <params>
            <param index="0">
              <value>
                <![CDATA[[TestResult name=loginToApplicationWithMultipleDataTest status=SUCCESS method=verifyMultipleCredentialsTest.loginToApplicationWithMultipleDataTest(java.lang.String,java.lang.String)[pri:0, instance:testCases.verifyMultipleCredentialsTest@496bc455] output=Url after Login https://www.saucedemo.com/inventory.html]]]>
              </value>
            </param>
          </params>
          <reporter-output>
          </reporter-output>
        </test-method> <!-- closeBrowser -->
        <test-method is-config="true" signature="setUp()[pri:0, instance:testCases.verifyMultipleCredentialsTest@496bc455]" started-at="2023-11-18T05:36:46 IST" name="setUp" finished-at="2023-11-18T05:36:51 IST" duration-ms="4108" status="PASS">
          <reporter-output>
          </reporter-output>
        </test-method> <!-- setUp -->
        <test-method signature="loginToApplicationWithMultipleDataTest(java.lang.String,java.lang.String)[pri:0, instance:testCases.verifyMultipleCredentialsTest@496bc455]" started-at="2023-11-18T05:36:51 IST" name="loginToApplicationWithMultipleDataTest" data-provider="credentials" finished-at="2023-11-18T05:36:51 IST" duration-ms="319" status="PASS">
          <params>
            <param index="0">
              <value>
                <![CDATA[problem_user]]>
              </value>
            </param>
            <param index="1">
              <value>
                <![CDATA[secret_sauce]]>
              </value>
            </param>
          </params>
          <reporter-output>
            <line>
              <![CDATA[Url after Login https://www.saucedemo.com/inventory.html]]>
            </line>
          </reporter-output>
        </test-method> <!-- loginToApplicationWithMultipleDataTest -->
        <test-method is-config="true" signature="closeBrowser(org.testng.ITestResult)[pri:0, instance:testCases.verifyMultipleCredentialsTest@496bc455]" started-at="2023-11-18T05:36:51 IST" name="closeBrowser" finished-at="2023-11-18T05:36:51 IST" duration-ms="170" status="PASS">
          <params>
            <param index="0">
              <value>
                <![CDATA[[TestResult name=loginToApplicationWithMultipleDataTest status=SUCCESS method=verifyMultipleCredentialsTest.loginToApplicationWithMultipleDataTest(java.lang.String,java.lang.String)[pri:0, instance:testCases.verifyMultipleCredentialsTest@496bc455] output=Url after Login https://www.saucedemo.com/inventory.html]]]>
              </value>
            </param>
          </params>
          <reporter-output>
          </reporter-output>
        </test-method> <!-- closeBrowser -->
        <test-method is-config="true" signature="setUp()[pri:0, instance:testCases.verifyMultipleCredentialsTest@496bc455]" started-at="2023-11-18T05:36:51 IST" name="setUp" finished-at="2023-11-18T05:36:57 IST" duration-ms="5759" status="PASS">
          <reporter-output>
          </reporter-output>
        </test-method> <!-- setUp -->
        <test-method signature="loginToApplicationWithMultipleDataTest(java.lang.String,java.lang.String)[pri:0, instance:testCases.verifyMultipleCredentialsTest@496bc455]" started-at="2023-11-18T05:36:57 IST" name="loginToApplicationWithMultipleDataTest" data-provider="credentials" finished-at="2023-11-18T05:37:02 IST" duration-ms="5329" status="PASS">
          <params>
            <param index="0">
              <value>
                <![CDATA[performance_glitch_user]]>
              </value>
            </param>
            <param index="1">
              <value>
                <![CDATA[secret_sauce]]>
              </value>
            </param>
          </params>
          <reporter-output>
            <line>
              <![CDATA[Url after Login https://www.saucedemo.com/inventory.html]]>
            </line>
          </reporter-output>
        </test-method> <!-- loginToApplicationWithMultipleDataTest -->
        <test-method is-config="true" signature="closeBrowser(org.testng.ITestResult)[pri:0, instance:testCases.verifyMultipleCredentialsTest@496bc455]" started-at="2023-11-18T05:37:02 IST" name="closeBrowser" finished-at="2023-11-18T05:37:02 IST" duration-ms="200" status="PASS">
          <params>
            <param index="0">
              <value>
                <![CDATA[[TestResult name=loginToApplicationWithMultipleDataTest status=SUCCESS method=verifyMultipleCredentialsTest.loginToApplicationWithMultipleDataTest(java.lang.String,java.lang.String)[pri:0, instance:testCases.verifyMultipleCredentialsTest@496bc455] output=Url after Login https://www.saucedemo.com/inventory.html]]]>
              </value>
            </param>
          </params>
          <reporter-output>
          </reporter-output>
        </test-method> <!-- closeBrowser -->
        <test-method is-config="true" signature="setUp()[pri:0, instance:testCases.verifyMultipleCredentialsTest@496bc455]" started-at="2023-11-18T05:37:02 IST" name="setUp" finished-at="2023-11-18T05:37:07 IST" duration-ms="4886" status="PASS">
          <reporter-output>
          </reporter-output>
        </test-method> <!-- setUp -->
        <test-method signature="loginToApplicationWithMultipleDataTest(java.lang.String,java.lang.String)[pri:0, instance:testCases.verifyMultipleCredentialsTest@496bc455]" started-at="2023-11-18T05:37:07 IST" name="loginToApplicationWithMultipleDataTest" data-provider="credentials" finished-at="2023-11-18T05:37:08 IST" duration-ms="371" status="PASS">
          <params>
            <param index="0">
              <value>
                <![CDATA[error_user]]>
              </value>
            </param>
            <param index="1">
              <value>
                <![CDATA[secret_sauce]]>
              </value>
            </param>
          </params>
          <reporter-output>
            <line>
              <![CDATA[Url after Login https://www.saucedemo.com/inventory.html]]>
            </line>
          </reporter-output>
        </test-method> <!-- loginToApplicationWithMultipleDataTest -->
        <test-method is-config="true" signature="closeBrowser(org.testng.ITestResult)[pri:0, instance:testCases.verifyMultipleCredentialsTest@496bc455]" started-at="2023-11-18T05:37:08 IST" name="closeBrowser" finished-at="2023-11-18T05:37:08 IST" duration-ms="146" status="PASS">
          <params>
            <param index="0">
              <value>
                <![CDATA[[TestResult name=loginToApplicationWithMultipleDataTest status=SUCCESS method=verifyMultipleCredentialsTest.loginToApplicationWithMultipleDataTest(java.lang.String,java.lang.String)[pri:0, instance:testCases.verifyMultipleCredentialsTest@496bc455] output=Url after Login https://www.saucedemo.com/inventory.html]]]>
              </value>
            </param>
          </params>
          <reporter-output>
          </reporter-output>
        </test-method> <!-- closeBrowser -->
        <test-method is-config="true" signature="setUp()[pri:0, instance:testCases.verifyMultipleCredentialsTest@496bc455]" started-at="2023-11-18T05:37:08 IST" name="setUp" finished-at="2023-11-18T05:37:12 IST" duration-ms="4674" status="PASS">
          <reporter-output>
          </reporter-output>
        </test-method> <!-- setUp -->
        <test-method signature="loginToApplicationWithMultipleDataTest(java.lang.String,java.lang.String)[pri:0, instance:testCases.verifyMultipleCredentialsTest@496bc455]" started-at="2023-11-18T05:37:12 IST" name="loginToApplicationWithMultipleDataTest" data-provider="credentials" finished-at="2023-11-18T05:37:13 IST" duration-ms="345" status="PASS">
          <params>
            <param index="0">
              <value>
                <![CDATA[visual_user]]>
              </value>
            </param>
            <param index="1">
              <value>
                <![CDATA[secret_sauce]]>
              </value>
            </param>
          </params>
          <reporter-output>
            <line>
              <![CDATA[Url after Login https://www.saucedemo.com/inventory.html]]>
            </line>
          </reporter-output>
        </test-method> <!-- loginToApplicationWithMultipleDataTest -->
        <test-method is-config="true" signature="closeBrowser(org.testng.ITestResult)[pri:0, instance:testCases.verifyMultipleCredentialsTest@496bc455]" started-at="2023-11-18T05:37:13 IST" name="closeBrowser" finished-at="2023-11-18T05:37:13 IST" duration-ms="150" status="PASS">
          <params>
            <param index="0">
              <value>
                <![CDATA[[TestResult name=loginToApplicationWithMultipleDataTest status=SUCCESS method=verifyMultipleCredentialsTest.loginToApplicationWithMultipleDataTest(java.lang.String,java.lang.String)[pri:0, instance:testCases.verifyMultipleCredentialsTest@496bc455] output=Url after Login https://www.saucedemo.com/inventory.html]]]>
              </value>
            </param>
          </params>
          <reporter-output>
          </reporter-output>
        </test-method> <!-- closeBrowser -->
      </class> <!-- testCases.verifyMultipleCredentialsTest -->
      <class name="testCases.Inventory_Page_Test">
        <test-method is-config="true" signature="setUp()[pri:0, instance:testCases.Inventory_Page_Test@70ed52de]" started-at="2023-11-18T05:34:02 IST" name="setUp" finished-at="2023-11-18T05:34:07 IST" duration-ms="4557" status="PASS">
          <reporter-output>
          </reporter-output>
        </test-method> <!-- setUp -->
        <test-method signature="add6ProductsTest()[pri:0, instance:testCases.Inventory_Page_Test@70ed52de]" started-at="2023-11-18T05:34:07 IST" name="add6ProductsTest" finished-at="2023-11-18T05:34:08 IST" duration-ms="533" status="PASS">
          <reporter-output>
            <line>
              <![CDATA[Total Products Added To Cart: 6]]>
            </line>
          </reporter-output>
        </test-method> <!-- add6ProductsTest -->
        <test-method is-config="true" signature="closeBrowser(org.testng.ITestResult)[pri:0, instance:testCases.Inventory_Page_Test@70ed52de]" started-at="2023-11-18T05:34:08 IST" name="closeBrowser" finished-at="2023-11-18T05:34:08 IST" duration-ms="281" status="PASS">
          <params>
            <param index="0">
              <value>
                <![CDATA[[TestResult name=add6ProductsTest status=SUCCESS method=Inventory_Page_Test.add6ProductsTest()[pri:0, instance:testCases.Inventory_Page_Test@70ed52de] output=Total Products Added To Cart: 6]]]>
              </value>
            </param>
          </params>
          <reporter-output>
          </reporter-output>
        </test-method> <!-- closeBrowser -->
        <test-method is-config="true" signature="setUp()[pri:0, instance:testCases.Inventory_Page_Test@70ed52de]" started-at="2023-11-18T05:34:08 IST" name="setUp" finished-at="2023-11-18T05:34:13 IST" duration-ms="4703" status="PASS">
          <reporter-output>
          </reporter-output>
        </test-method> <!-- setUp -->
        <test-method signature="remove2ProductTest()[pri:0, instance:testCases.Inventory_Page_Test@70ed52de]" started-at="2023-11-18T05:34:13 IST" name="remove2ProductTest" finished-at="2023-11-18T05:34:13 IST" duration-ms="631" status="PASS">
          <reporter-output>
            <line>
              <![CDATA[Total Products After Removing 2 Products: 4]]>
            </line>
          </reporter-output>
        </test-method> <!-- remove2ProductTest -->
        <test-method is-config="true" signature="closeBrowser(org.testng.ITestResult)[pri:0, instance:testCases.Inventory_Page_Test@70ed52de]" started-at="2023-11-18T05:34:13 IST" name="closeBrowser" finished-at="2023-11-18T05:34:13 IST" duration-ms="154" status="PASS">
          <params>
            <param index="0">
              <value>
                <![CDATA[[TestResult name=remove2ProductTest status=SUCCESS method=Inventory_Page_Test.remove2ProductTest()[pri:0, instance:testCases.Inventory_Page_Test@70ed52de] output=Total Products After Removing 2 Products: 4]]]>
              </value>
            </param>
          </params>
          <reporter-output>
          </reporter-output>
        </test-method> <!-- closeBrowser -->
        <test-method is-config="true" signature="setUp()[pri:0, instance:testCases.Inventory_Page_Test@70ed52de]" started-at="2023-11-18T05:34:13 IST" name="setUp" finished-at="2023-11-18T05:34:18 IST" duration-ms="4245" status="PASS">
          <reporter-output>
          </reporter-output>
        </test-method> <!-- setUp -->
        <test-method signature="verifyAddToCart1Test()[pri:0, instance:testCases.Inventory_Page_Test@70ed52de]" started-at="2023-11-18T05:34:18 IST" name="verifyAddToCart1Test" finished-at="2023-11-18T05:34:18 IST" duration-ms="46" status="PASS">
          <reporter-output>
            <line>
              <![CDATA[Add To Cart 1: true]]>
            </line>
          </reporter-output>
        </test-method> <!-- verifyAddToCart1Test -->
        <test-method is-config="true" signature="closeBrowser(org.testng.ITestResult)[pri:0, instance:testCases.Inventory_Page_Test@70ed52de]" started-at="2023-11-18T05:34:18 IST" name="closeBrowser" finished-at="2023-11-18T05:34:24 IST" duration-ms="6492" status="PASS">
          <params>
            <param index="0">
              <value>
                <![CDATA[[TestResult name=verifyAddToCart1Test status=SUCCESS method=Inventory_Page_Test.verifyAddToCart1Test()[pri:0, instance:testCases.Inventory_Page_Test@70ed52de] output=Add To Cart 1: true]]]>
              </value>
            </param>
          </params>
          <reporter-output>
          </reporter-output>
        </test-method> <!-- closeBrowser -->
        <test-method is-config="true" signature="setUp()[pri:0, instance:testCases.Inventory_Page_Test@70ed52de]" started-at="2023-11-18T05:34:24 IST" name="setUp" finished-at="2023-11-18T05:34:29 IST" duration-ms="4669" status="PASS">
          <reporter-output>
          </reporter-output>
        </test-method> <!-- setUp -->
        <test-method signature="verifyAddToCart2Test()[pri:0, instance:testCases.Inventory_Page_Test@70ed52de]" started-at="2023-11-18T05:34:29 IST" name="verifyAddToCart2Test" finished-at="2023-11-18T05:34:29 IST" duration-ms="29" status="PASS">
          <reporter-output>
            <line>
              <![CDATA[Add To Cart 2: true]]>
            </line>
          </reporter-output>
        </test-method> <!-- verifyAddToCart2Test -->
        <test-method is-config="true" signature="closeBrowser(org.testng.ITestResult)[pri:0, instance:testCases.Inventory_Page_Test@70ed52de]" started-at="2023-11-18T05:34:29 IST" name="closeBrowser" finished-at="2023-11-18T05:34:35 IST" duration-ms="6491" status="PASS">
          <params>
            <param index="0">
              <value>
                <![CDATA[[TestResult name=verifyAddToCart2Test status=SUCCESS method=Inventory_Page_Test.verifyAddToCart2Test()[pri:0, instance:testCases.Inventory_Page_Test@70ed52de] output=Add To Cart 2: true]]]>
              </value>
            </param>
          </params>
          <reporter-output>
          </reporter-output>
        </test-method> <!-- closeBrowser -->
        <test-method is-config="true" signature="setUp()[pri:0, instance:testCases.Inventory_Page_Test@70ed52de]" started-at="2023-11-18T05:34:35 IST" name="setUp" finished-at="2023-11-18T05:34:40 IST" duration-ms="4557" status="PASS">
          <reporter-output>
          </reporter-output>
        </test-method> <!-- setUp -->
        <test-method signature="verifyAddToCart3Test()[pri:0, instance:testCases.Inventory_Page_Test@70ed52de]" started-at="2023-11-18T05:34:40 IST" name="verifyAddToCart3Test" finished-at="2023-11-18T05:34:40 IST" duration-ms="47" status="PASS">
          <reporter-output>
            <line>
              <![CDATA[Add To Cart 3: true]]>
            </line>
          </reporter-output>
        </test-method> <!-- verifyAddToCart3Test -->
        <test-method is-config="true" signature="closeBrowser(org.testng.ITestResult)[pri:0, instance:testCases.Inventory_Page_Test@70ed52de]" started-at="2023-11-18T05:34:40 IST" name="closeBrowser" finished-at="2023-11-18T05:34:40 IST" duration-ms="216" status="PASS">
          <params>
            <param index="0">
              <value>
                <![CDATA[[TestResult name=verifyAddToCart3Test status=SUCCESS method=Inventory_Page_Test.verifyAddToCart3Test()[pri:0, instance:testCases.Inventory_Page_Test@70ed52de] output=Add To Cart 3: true]]]>
              </value>
            </param>
          </params>
          <reporter-output>
          </reporter-output>
        </test-method> <!-- closeBrowser -->
        <test-method is-config="true" signature="setUp()[pri:0, instance:testCases.Inventory_Page_Test@70ed52de]" started-at="2023-11-18T05:34:40 IST" name="setUp" finished-at="2023-11-18T05:34:45 IST" duration-ms="4907" status="PASS">
          <reporter-output>
          </reporter-output>
        </test-method> <!-- setUp -->
        <test-method signature="verifyAddToCart5Test()[pri:0, instance:testCases.Inventory_Page_Test@70ed52de]" started-at="2023-11-18T05:34:45 IST" name="verifyAddToCart5Test" finished-at="2023-11-18T05:34:45 IST" duration-ms="36" status="PASS">
          <reporter-output>
            <line>
              <![CDATA[Add To Cart 5: true]]>
            </line>
          </reporter-output>
        </test-method> <!-- verifyAddToCart5Test -->
        <test-method is-config="true" signature="closeBrowser(org.testng.ITestResult)[pri:0, instance:testCases.Inventory_Page_Test@70ed52de]" started-at="2023-11-18T05:34:45 IST" name="closeBrowser" finished-at="2023-11-18T05:34:45 IST" duration-ms="206" status="PASS">
          <params>
            <param index="0">
              <value>
                <![CDATA[[TestResult name=verifyAddToCart5Test status=SUCCESS method=Inventory_Page_Test.verifyAddToCart5Test()[pri:0, instance:testCases.Inventory_Page_Test@70ed52de] output=Add To Cart 5: true]]]>
              </value>
            </param>
          </params>
          <reporter-output>
          </reporter-output>
        </test-method> <!-- closeBrowser -->
        <test-method is-config="true" signature="setUp()[pri:0, instance:testCases.Inventory_Page_Test@70ed52de]" started-at="2023-11-18T05:34:45 IST" name="setUp" finished-at="2023-11-18T05:34:50 IST" duration-ms="5068" status="PASS">
          <reporter-output>
          </reporter-output>
        </test-method> <!-- setUp -->
        <test-method signature="verifyAddToCart6Test()[pri:0, instance:testCases.Inventory_Page_Test@70ed52de]" started-at="2023-11-18T05:34:50 IST" name="verifyAddToCart6Test" finished-at="2023-11-18T05:34:50 IST" duration-ms="44" status="PASS">
          <reporter-output>
            <line>
              <![CDATA[Add To Cart 6: true]]>
            </line>
          </reporter-output>
        </test-method> <!-- verifyAddToCart6Test -->
        <test-method is-config="true" signature="closeBrowser(org.testng.ITestResult)[pri:0, instance:testCases.Inventory_Page_Test@70ed52de]" started-at="2023-11-18T05:34:50 IST" name="closeBrowser" finished-at="2023-11-18T05:34:57 IST" duration-ms="6513" status="PASS">
          <params>
            <param index="0">
              <value>
                <![CDATA[[TestResult name=verifyAddToCart6Test status=SUCCESS method=Inventory_Page_Test.verifyAddToCart6Test()[pri:0, instance:testCases.Inventory_Page_Test@70ed52de] output=Add To Cart 6: true]]]>
              </value>
            </param>
          </params>
          <reporter-output>
          </reporter-output>
        </test-method> <!-- closeBrowser -->
        <test-method is-config="true" signature="setUp()[pri:0, instance:testCases.Inventory_Page_Test@70ed52de]" started-at="2023-11-18T05:34:57 IST" name="setUp" finished-at="2023-11-18T05:35:03 IST" duration-ms="5782" status="PASS">
          <reporter-output>
          </reporter-output>
        </test-method> <!-- setUp -->
        <test-method signature="verifyBurgerTest()[pri:0, instance:testCases.Inventory_Page_Test@70ed52de]" started-at="2023-11-18T05:35:03 IST" name="verifyBurgerTest" finished-at="2023-11-18T05:35:03 IST" duration-ms="53" status="PASS">
          <reporter-output>
            <line>
              <![CDATA[Burger Menu Showing: true]]>
            </line>
          </reporter-output>
        </test-method> <!-- verifyBurgerTest -->
        <test-method is-config="true" signature="closeBrowser(org.testng.ITestResult)[pri:0, instance:testCases.Inventory_Page_Test@70ed52de]" started-at="2023-11-18T05:35:03 IST" name="closeBrowser" finished-at="2023-11-18T05:35:03 IST" duration-ms="164" status="PASS">
          <params>
            <param index="0">
              <value>
                <![CDATA[[TestResult name=verifyBurgerTest status=SUCCESS method=Inventory_Page_Test.verifyBurgerTest()[pri:0, instance:testCases.Inventory_Page_Test@70ed52de] output=Burger Menu Showing: true]]]>
              </value>
            </param>
          </params>
          <reporter-output>
          </reporter-output>
        </test-method> <!-- closeBrowser -->
        <test-method is-config="true" signature="setUp()[pri:0, instance:testCases.Inventory_Page_Test@70ed52de]" started-at="2023-11-18T05:35:03 IST" name="setUp" finished-at="2023-11-18T05:35:10 IST" duration-ms="6915" status="PASS">
          <reporter-output>
          </reporter-output>
        </test-method> <!-- setUp -->
        <test-method signature="verifyCartLinkTest()[pri:0, instance:testCases.Inventory_Page_Test@70ed52de]" started-at="2023-11-18T05:35:10 IST" name="verifyCartLinkTest" finished-at="2023-11-18T05:35:10 IST" duration-ms="43" status="PASS">
          <reporter-output>
            <line>
              <![CDATA[Cart Link Showing: true]]>
            </line>
          </reporter-output>
        </test-method> <!-- verifyCartLinkTest -->
        <test-method is-config="true" signature="closeBrowser(org.testng.ITestResult)[pri:0, instance:testCases.Inventory_Page_Test@70ed52de]" started-at="2023-11-18T05:35:10 IST" name="closeBrowser" finished-at="2023-11-18T05:35:10 IST" duration-ms="234" status="PASS">
          <params>
            <param index="0">
              <value>
                <![CDATA[[TestResult name=verifyCartLinkTest status=SUCCESS method=Inventory_Page_Test.verifyCartLinkTest()[pri:0, instance:testCases.Inventory_Page_Test@70ed52de] output=Cart Link Showing: true]]]>
              </value>
            </param>
          </params>
          <reporter-output>
          </reporter-output>
        </test-method> <!-- closeBrowser -->
        <test-method is-config="true" signature="setUp()[pri:0, instance:testCases.Inventory_Page_Test@70ed52de]" started-at="2023-11-18T05:35:10 IST" name="setUp" finished-at="2023-11-18T05:35:15 IST" duration-ms="5306" status="PASS">
          <reporter-output>
          </reporter-output>
        </test-method> <!-- setUp -->
        <test-method signature="verifyCountProductsTest()[pri:0, instance:testCases.Inventory_Page_Test@70ed52de]" started-at="2023-11-18T05:35:15 IST" name="verifyCountProductsTest" finished-at="2023-11-18T05:35:15 IST" duration-ms="55" status="PASS">
          <reporter-output>
            <line>
              <![CDATA[Total Product Count On Page: 6]]>
            </line>
          </reporter-output>
        </test-method> <!-- verifyCountProductsTest -->
        <test-method is-config="true" signature="closeBrowser(org.testng.ITestResult)[pri:0, instance:testCases.Inventory_Page_Test@70ed52de]" started-at="2023-11-18T05:35:15 IST" name="closeBrowser" finished-at="2023-11-18T05:35:22 IST" duration-ms="6506" status="PASS">
          <params>
            <param index="0">
              <value>
                <![CDATA[[TestResult name=verifyCountProductsTest status=SUCCESS method=Inventory_Page_Test.verifyCountProductsTest()[pri:0, instance:testCases.Inventory_Page_Test@70ed52de] output=Total Product Count On Page: 6]]]>
              </value>
            </param>
          </params>
          <reporter-output>
          </reporter-output>
        </test-method> <!-- closeBrowser -->
        <test-method is-config="true" signature="setUp()[pri:0, instance:testCases.Inventory_Page_Test@70ed52de]" started-at="2023-11-18T05:35:22 IST" name="setUp" finished-at="2023-11-18T05:35:27 IST" duration-ms="5093" status="PASS">
          <reporter-output>
          </reporter-output>
        </test-method> <!-- setUp -->
        <test-method signature="verifyIconFaceTest()[pri:0, instance:testCases.Inventory_Page_Test@70ed52de]" started-at="2023-11-18T05:35:27 IST" name="verifyIconFaceTest" finished-at="2023-11-18T05:35:27 IST" duration-ms="37" status="PASS">
          <reporter-output>
            <line>
              <![CDATA[Facebook Icon Visibility: true]]>
            </line>
          </reporter-output>
        </test-method> <!-- verifyIconFaceTest -->
        <test-method is-config="true" signature="closeBrowser(org.testng.ITestResult)[pri:0, instance:testCases.Inventory_Page_Test@70ed52de]" started-at="2023-11-18T05:35:27 IST" name="closeBrowser" finished-at="2023-11-18T05:35:34 IST" duration-ms="6537" status="PASS">
          <params>
            <param index="0">
              <value>
                <![CDATA[[TestResult name=verifyIconFaceTest status=SUCCESS method=Inventory_Page_Test.verifyIconFaceTest()[pri:0, instance:testCases.Inventory_Page_Test@70ed52de] output=Facebook Icon Visibility: true]]]>
              </value>
            </param>
          </params>
          <reporter-output>
          </reporter-output>
        </test-method> <!-- closeBrowser -->
        <test-method is-config="true" signature="setUp()[pri:0, instance:testCases.Inventory_Page_Test@70ed52de]" started-at="2023-11-18T05:35:34 IST" name="setUp" finished-at="2023-11-18T05:35:39 IST" duration-ms="5218" status="PASS">
          <reporter-output>
          </reporter-output>
        </test-method> <!-- setUp -->
        <test-method signature="verifyIconLinkdnTest()[pri:0, instance:testCases.Inventory_Page_Test@70ed52de]" started-at="2023-11-18T05:35:39 IST" name="verifyIconLinkdnTest" finished-at="2023-11-18T05:35:39 IST" duration-ms="41" status="PASS">
          <reporter-output>
            <line>
              <![CDATA[Linkdin Icon Visibility: true]]>
            </line>
          </reporter-output>
        </test-method> <!-- verifyIconLinkdnTest -->
        <test-method is-config="true" signature="closeBrowser(org.testng.ITestResult)[pri:0, instance:testCases.Inventory_Page_Test@70ed52de]" started-at="2023-11-18T05:35:39 IST" name="closeBrowser" finished-at="2023-11-18T05:35:39 IST" duration-ms="163" status="PASS">
          <params>
            <param index="0">
              <value>
                <![CDATA[[TestResult name=verifyIconLinkdnTest status=SUCCESS method=Inventory_Page_Test.verifyIconLinkdnTest()[pri:0, instance:testCases.Inventory_Page_Test@70ed52de] output=Linkdin Icon Visibility: true]]]>
              </value>
            </param>
          </params>
          <reporter-output>
          </reporter-output>
        </test-method> <!-- closeBrowser -->
        <test-method is-config="true" signature="setUp()[pri:0, instance:testCases.Inventory_Page_Test@70ed52de]" started-at="2023-11-18T05:35:39 IST" name="setUp" finished-at="2023-11-18T05:35:45 IST" duration-ms="5538" status="PASS">
          <reporter-output>
          </reporter-output>
        </test-method> <!-- setUp -->
        <test-method signature="verifyIconTwitTest()[pri:0, instance:testCases.Inventory_Page_Test@70ed52de]" started-at="2023-11-18T05:35:45 IST" name="verifyIconTwitTest" finished-at="2023-11-18T05:35:45 IST" duration-ms="36" status="PASS">
          <reporter-output>
            <line>
              <![CDATA[Twitter Icon Visibility: true]]>
            </line>
          </reporter-output>
        </test-method> <!-- verifyIconTwitTest -->
        <test-method is-config="true" signature="closeBrowser(org.testng.ITestResult)[pri:0, instance:testCases.Inventory_Page_Test@70ed52de]" started-at="2023-11-18T05:35:45 IST" name="closeBrowser" finished-at="2023-11-18T05:35:45 IST" duration-ms="175" status="PASS">
          <params>
            <param index="0">
              <value>
                <![CDATA[[TestResult name=verifyIconTwitTest status=SUCCESS method=Inventory_Page_Test.verifyIconTwitTest()[pri:0, instance:testCases.Inventory_Page_Test@70ed52de] output=Twitter Icon Visibility: true]]]>
              </value>
            </param>
          </params>
          <reporter-output>
          </reporter-output>
        </test-method> <!-- closeBrowser -->
        <test-method is-config="true" signature="setUp()[pri:0, instance:testCases.Inventory_Page_Test@70ed52de]" started-at="2023-11-18T05:35:45 IST" name="setUp" finished-at="2023-11-18T05:35:49 IST" duration-ms="4272" status="PASS">
          <reporter-output>
          </reporter-output>
        </test-method> <!-- setUp -->
        <test-method signature="verifyProduct1Test()[pri:0, instance:testCases.Inventory_Page_Test@70ed52de]" started-at="2023-11-18T05:35:49 IST" name="verifyProduct1Test" finished-at="2023-11-18T05:35:49 IST" duration-ms="49" status="PASS">
          <reporter-output>
            <line>
              <![CDATA[Product 1: Sauce Labs Backpack]]>
            </line>
          </reporter-output>
        </test-method> <!-- verifyProduct1Test -->
        <test-method is-config="true" signature="closeBrowser(org.testng.ITestResult)[pri:0, instance:testCases.Inventory_Page_Test@70ed52de]" started-at="2023-11-18T05:35:49 IST" name="closeBrowser" finished-at="2023-11-18T05:35:49 IST" duration-ms="189" status="PASS">
          <params>
            <param index="0">
              <value>
                <![CDATA[[TestResult name=verifyProduct1Test status=SUCCESS method=Inventory_Page_Test.verifyProduct1Test()[pri:0, instance:testCases.Inventory_Page_Test@70ed52de] output=Product 1: Sauce Labs Backpack]]]>
              </value>
            </param>
          </params>
          <reporter-output>
          </reporter-output>
        </test-method> <!-- closeBrowser -->
        <test-method is-config="true" signature="setUp()[pri:0, instance:testCases.Inventory_Page_Test@70ed52de]" started-at="2023-11-18T05:35:49 IST" name="setUp" finished-at="2023-11-18T05:35:54 IST" duration-ms="4232" status="PASS">
          <reporter-output>
          </reporter-output>
        </test-method> <!-- setUp -->
        <test-method signature="verifyProduct2Test()[pri:0, instance:testCases.Inventory_Page_Test@70ed52de]" started-at="2023-11-18T05:35:54 IST" name="verifyProduct2Test" finished-at="2023-11-18T05:35:54 IST" duration-ms="53" status="PASS">
          <reporter-output>
            <line>
              <![CDATA[Product 2: Sauce Labs Bike Light]]>
            </line>
          </reporter-output>
        </test-method> <!-- verifyProduct2Test -->
        <test-method is-config="true" signature="closeBrowser(org.testng.ITestResult)[pri:0, instance:testCases.Inventory_Page_Test@70ed52de]" started-at="2023-11-18T05:35:54 IST" name="closeBrowser" finished-at="2023-11-18T05:36:00 IST" duration-ms="6561" status="PASS">
          <params>
            <param index="0">
              <value>
                <![CDATA[[TestResult name=verifyProduct2Test status=SUCCESS method=Inventory_Page_Test.verifyProduct2Test()[pri:0, instance:testCases.Inventory_Page_Test@70ed52de] output=Product 2: Sauce Labs Bike Light]]]>
              </value>
            </param>
          </params>
          <reporter-output>
          </reporter-output>
        </test-method> <!-- closeBrowser -->
        <test-method is-config="true" signature="setUp()[pri:0, instance:testCases.Inventory_Page_Test@70ed52de]" started-at="2023-11-18T05:36:00 IST" name="setUp" finished-at="2023-11-18T05:36:05 IST" duration-ms="4449" status="PASS">
          <reporter-output>
          </reporter-output>
        </test-method> <!-- setUp -->
        <test-method signature="verifyProduct3Test()[pri:0, instance:testCases.Inventory_Page_Test@70ed52de]" started-at="2023-11-18T05:36:05 IST" name="verifyProduct3Test" finished-at="2023-11-18T05:36:05 IST" duration-ms="49" status="PASS">
          <reporter-output>
            <line>
              <![CDATA[Product 3: Sauce Labs Bolt T-Shirt]]>
            </line>
          </reporter-output>
        </test-method> <!-- verifyProduct3Test -->
        <test-method is-config="true" signature="closeBrowser(org.testng.ITestResult)[pri:0, instance:testCases.Inventory_Page_Test@70ed52de]" started-at="2023-11-18T05:36:05 IST" name="closeBrowser" finished-at="2023-11-18T05:36:05 IST" duration-ms="168" status="PASS">
          <params>
            <param index="0">
              <value>
                <![CDATA[[TestResult name=verifyProduct3Test status=SUCCESS method=Inventory_Page_Test.verifyProduct3Test()[pri:0, instance:testCases.Inventory_Page_Test@70ed52de] output=Product 3: Sauce Labs Bolt T-Shirt]]]>
              </value>
            </param>
          </params>
          <reporter-output>
          </reporter-output>
        </test-method> <!-- closeBrowser -->
        <test-method is-config="true" signature="setUp()[pri:0, instance:testCases.Inventory_Page_Test@70ed52de]" started-at="2023-11-18T05:36:05 IST" name="setUp" finished-at="2023-11-18T05:36:09 IST" duration-ms="4456" status="PASS">
          <reporter-output>
          </reporter-output>
        </test-method> <!-- setUp -->
        <test-method signature="verifyProduct4Test()[pri:0, instance:testCases.Inventory_Page_Test@70ed52de]" started-at="2023-11-18T05:36:09 IST" name="verifyProduct4Test" finished-at="2023-11-18T05:36:09 IST" duration-ms="55" status="PASS">
          <reporter-output>
            <line>
              <![CDATA[Product 4: Sauce Labs Fleece Jacket]]>
            </line>
          </reporter-output>
        </test-method> <!-- verifyProduct4Test -->
        <test-method is-config="true" signature="closeBrowser(org.testng.ITestResult)[pri:0, instance:testCases.Inventory_Page_Test@70ed52de]" started-at="2023-11-18T05:36:09 IST" name="closeBrowser" finished-at="2023-11-18T05:36:10 IST" duration-ms="180" status="PASS">
          <params>
            <param index="0">
              <value>
                <![CDATA[[TestResult name=verifyProduct4Test status=SUCCESS method=Inventory_Page_Test.verifyProduct4Test()[pri:0, instance:testCases.Inventory_Page_Test@70ed52de] output=Product 4: Sauce Labs Fleece Jacket]]]>
              </value>
            </param>
          </params>
          <reporter-output>
          </reporter-output>
        </test-method> <!-- closeBrowser -->
        <test-method is-config="true" signature="setUp()[pri:0, instance:testCases.Inventory_Page_Test@70ed52de]" started-at="2023-11-18T05:36:10 IST" name="setUp" finished-at="2023-11-18T05:36:14 IST" duration-ms="4502" status="PASS">
          <reporter-output>
          </reporter-output>
        </test-method> <!-- setUp -->
        <test-method signature="verifyProduct5Test()[pri:0, instance:testCases.Inventory_Page_Test@70ed52de]" started-at="2023-11-18T05:36:14 IST" name="verifyProduct5Test" finished-at="2023-11-18T05:36:14 IST" duration-ms="60" status="PASS">
          <reporter-output>
            <line>
              <![CDATA[Product 5: Sauce Labs Onesie]]>
            </line>
          </reporter-output>
        </test-method> <!-- verifyProduct5Test -->
        <test-method is-config="true" signature="closeBrowser(org.testng.ITestResult)[pri:0, instance:testCases.Inventory_Page_Test@70ed52de]" started-at="2023-11-18T05:36:14 IST" name="closeBrowser" finished-at="2023-11-18T05:36:14 IST" duration-ms="179" status="PASS">
          <params>
            <param index="0">
              <value>
                <![CDATA[[TestResult name=verifyProduct5Test status=SUCCESS method=Inventory_Page_Test.verifyProduct5Test()[pri:0, instance:testCases.Inventory_Page_Test@70ed52de] output=Product 5: Sauce Labs Onesie]]]>
              </value>
            </param>
          </params>
          <reporter-output>
          </reporter-output>
        </test-method> <!-- closeBrowser -->
        <test-method is-config="true" signature="setUp()[pri:0, instance:testCases.Inventory_Page_Test@70ed52de]" started-at="2023-11-18T05:36:14 IST" name="setUp" finished-at="2023-11-18T05:36:18 IST" duration-ms="4133" status="PASS">
          <reporter-output>
          </reporter-output>
        </test-method> <!-- setUp -->
        <test-method signature="verifyProduct6Test()[pri:0, instance:testCases.Inventory_Page_Test@70ed52de]" started-at="2023-11-18T05:36:18 IST" name="verifyProduct6Test" finished-at="2023-11-18T05:36:19 IST" duration-ms="55" status="PASS">
          <reporter-output>
            <line>
              <![CDATA[Product 6: Test.allTheThings() T-Shirt (Red)]]>
            </line>
          </reporter-output>
        </test-method> <!-- verifyProduct6Test -->
        <test-method is-config="true" signature="closeBrowser(org.testng.ITestResult)[pri:0, instance:testCases.Inventory_Page_Test@70ed52de]" started-at="2023-11-18T05:36:19 IST" name="closeBrowser" finished-at="2023-11-18T05:36:19 IST" duration-ms="168" status="PASS">
          <params>
            <param index="0">
              <value>
                <![CDATA[[TestResult name=verifyProduct6Test status=SUCCESS method=Inventory_Page_Test.verifyProduct6Test()[pri:0, instance:testCases.Inventory_Page_Test@70ed52de] output=Product 6: Test.allTheThings() T-Shirt (Red)]]]>
              </value>
            </param>
          </params>
          <reporter-output>
          </reporter-output>
        </test-method> <!-- closeBrowser -->
        <test-method is-config="true" signature="setUp()[pri:0, instance:testCases.Inventory_Page_Test@70ed52de]" started-at="2023-11-18T05:36:19 IST" name="setUp" finished-at="2023-11-18T05:36:24 IST" duration-ms="5825" status="PASS">
          <reporter-output>
          </reporter-output>
        </test-method> <!-- setUp -->
        <test-method signature="verifyProductsLabelTest()[pri:0, instance:testCases.Inventory_Page_Test@70ed52de]" started-at="2023-11-18T05:36:24 IST" name="verifyProductsLabelTest" finished-at="2023-11-18T05:36:25 IST" duration-ms="69" status="PASS">
          <reporter-output>
            <line>
              <![CDATA[Product Label: Products]]>
            </line>
          </reporter-output>
        </test-method> <!-- verifyProductsLabelTest -->
        <test-method is-config="true" signature="closeBrowser(org.testng.ITestResult)[pri:0, instance:testCases.Inventory_Page_Test@70ed52de]" started-at="2023-11-18T05:36:25 IST" name="closeBrowser" finished-at="2023-11-18T05:36:25 IST" duration-ms="157" status="PASS">
          <params>
            <param index="0">
              <value>
                <![CDATA[[TestResult name=verifyProductsLabelTest status=SUCCESS method=Inventory_Page_Test.verifyProductsLabelTest()[pri:0, instance:testCases.Inventory_Page_Test@70ed52de] output=Product Label: Products]]]>
              </value>
            </param>
          </params>
          <reporter-output>
          </reporter-output>
        </test-method> <!-- closeBrowser -->
        <test-method is-config="true" signature="setUp()[pri:0, instance:testCases.Inventory_Page_Test@70ed52de]" started-at="2023-11-18T05:36:25 IST" name="setUp" finished-at="2023-11-18T05:36:29 IST" duration-ms="4265" status="PASS">
          <reporter-output>
          </reporter-output>
        </test-method> <!-- setUp -->
        <test-method signature="verifyappLogoTest()[pri:0, instance:testCases.Inventory_Page_Test@70ed52de]" started-at="2023-11-18T05:36:29 IST" name="verifyappLogoTest" finished-at="2023-11-18T05:36:29 IST" duration-ms="70" status="PASS">
          <reporter-output>
            <line>
              <![CDATA[App Logo: Swag Labs]]>
            </line>
          </reporter-output>
        </test-method> <!-- verifyappLogoTest -->
        <test-method is-config="true" signature="closeBrowser(org.testng.ITestResult)[pri:0, instance:testCases.Inventory_Page_Test@70ed52de]" started-at="2023-11-18T05:36:29 IST" name="closeBrowser" finished-at="2023-11-18T05:36:29 IST" duration-ms="195" status="PASS">
          <params>
            <param index="0">
              <value>
                <![CDATA[[TestResult name=verifyappLogoTest status=SUCCESS method=Inventory_Page_Test.verifyappLogoTest()[pri:0, instance:testCases.Inventory_Page_Test@70ed52de] output=App Logo: Swag Labs]]]>
              </value>
            </param>
          </params>
          <reporter-output>
          </reporter-output>
        </test-method> <!-- closeBrowser -->
        <test-method is-config="true" signature="setUp()[pri:0, instance:testCases.Inventory_Page_Test@70ed52de]" started-at="2023-11-18T05:36:29 IST" name="setUp" finished-at="2023-11-18T05:36:34 IST" duration-ms="5045" status="PASS">
          <reporter-output>
          </reporter-output>
        </test-method> <!-- setUp -->
        <test-method signature="verifysortTabTest()[pri:0, instance:testCases.Inventory_Page_Test@70ed52de]" started-at="2023-11-18T05:36:34 IST" name="verifysortTabTest" finished-at="2023-11-18T05:36:35 IST" duration-ms="202" status="PASS">
          <reporter-output>
            <line>
              <![CDATA[Sort By Tab: true]]>
            </line>
          </reporter-output>
        </test-method> <!-- verifysortTabTest -->
        <test-method is-config="true" signature="closeBrowser(org.testng.ITestResult)[pri:0, instance:testCases.Inventory_Page_Test@70ed52de]" started-at="2023-11-18T05:36:35 IST" name="closeBrowser" finished-at="2023-11-18T05:36:35 IST" duration-ms="172" status="PASS">
          <params>
            <param index="0">
              <value>
                <![CDATA[[TestResult name=verifysortTabTest status=SUCCESS method=Inventory_Page_Test.verifysortTabTest()[pri:0, instance:testCases.Inventory_Page_Test@70ed52de] output=Sort By Tab: true]]]>
              </value>
            </param>
          </params>
          <reporter-output>
          </reporter-output>
        </test-method> <!-- closeBrowser -->
      </class> <!-- testCases.Inventory_Page_Test -->
    </test> <!-- MasterTest -->
  </suite> <!-- Suite -->
</testng-results>
